[ 2017-01-27T16:37:00+08:00 ] 127.0.0.1 /Home/app/app.html
INFO: [ app_init ] --START--
INFO: Run Behavior\BuildLiteBehavior [ RunTime:0.000038s ]
INFO: [ app_init ] --END-- [ RunTime:0.000711s ]
INFO: [ app_begin ] --START--
INFO: Run Behavior\ReadHtmlCacheBehavior [ RunTime:0.012492s ]
INFO: [ app_begin ] --END-- [ RunTime:0.012762s ]
SQL: SHOW COLUMNS FROM `think_user` [ RunTime:0.1612s ]
NOTIC: [8] Undefined property: ResultSet::$userinfos D:\wamp\www\Daily\Application\Home\Controller\AppController.class.php 第 22 行.
NOTIC: [8] Trying to get property of non-object D:\wamp\www\Daily\Application\Home\Controller\AppController.class.php 第 22 行.
NOTIC: [8] Trying to get property of non-object D:\wamp\www\Daily\Application\Home\Controller\AppController.class.php 第 26 行.
NOTIC: [8] Trying to get property of non-object D:\wamp\www\Daily\Application\Home\Controller\AppController.class.php 第 28 行.
INFO: [ view_parse ] --START--
INFO: [ template_filter ] --START--
INFO: Run Behavior\ContentReplaceBehavior [ RunTime:0.020334s ]
INFO: [ template_filter ] --END-- [ RunTime:0.020669s ]
INFO: Run Behavior\ParseTemplateBehavior [ RunTime:0.145411s ]
INFO: [ view_parse ] --END-- [ RunTime:0.145685s ]
INFO: [ view_filter ] --START--
INFO: Run Behavior\WriteHtmlCacheBehavior [ RunTime:0.015757s ]
INFO: [ view_filter ] --END-- [ RunTime:0.015941s ]
INFO: [ app_end ] --START--
INFO: Run Behavior\ShowPageTraceBehavior [ RunTime:0.016838s ]
INFO: [ app_end ] --END-- [ RunTime:0.017025s ]

[ 2017-01-27T16:37:29+08:00 ] 127.0.0.1 /Home/app/app.html
INFO: [ app_init ] --START--
INFO: Run Behavior\BuildLiteBehavior [ RunTime:0.000073s ]
INFO: [ app_init ] --END-- [ RunTime:0.001127s ]
INFO: [ app_begin ] --START--
INFO: Run Behavior\ReadHtmlCacheBehavior [ RunTime:0.000976s ]
INFO: [ app_begin ] --END-- [ RunTime:0.001163s ]
SQL: SHOW COLUMNS FROM `think_user` [ RunTime:0.0055s ]
NOTIC: [8] Undefined property: ResultSet::$userinfos D:\wamp\www\Daily\Application\Home\Controller\AppController.class.php 第 22 行.
NOTIC: [8] Trying to get property of non-object D:\wamp\www\Daily\Application\Home\Controller\AppController.class.php 第 22 行.
NOTIC: [8] Trying to get property of non-object D:\wamp\www\Daily\Application\Home\Controller\AppController.class.php 第 26 行.
NOTIC: [8] Trying to get property of non-object D:\wamp\www\Daily\Application\Home\Controller\AppController.class.php 第 28 行.
INFO: [ view_parse ] --START--
INFO: [ template_filter ] --START--
INFO: Run Behavior\ContentReplaceBehavior [ RunTime:0.000165s ]
INFO: [ template_filter ] --END-- [ RunTime:0.000414s ]
INFO: Run Behavior\ParseTemplateBehavior [ RunTime:0.014532s ]
INFO: [ view_parse ] --END-- [ RunTime:0.014824s ]
INFO: [ view_filter ] --START--
INFO: Run Behavior\WriteHtmlCacheBehavior [ RunTime:0.001283s ]
INFO: [ view_filter ] --END-- [ RunTime:0.001463s ]
INFO: [ app_end ] --START--
INFO: Run Behavior\ShowPageTraceBehavior [ RunTime:0.001481s ]
INFO: [ app_end ] --END-- [ RunTime:0.001797s ]

[ 2017-01-27T21:20:23+08:00 ] 127.0.0.1 /Home/App/sendEmailToInviter
INFO: [ app_init ] --START--
INFO: Run Behavior\BuildLiteBehavior [ RunTime:0.000078s ]
INFO: [ app_init ] --END-- [ RunTime:0.014357s ]
INFO: [ app_begin ] --START--
INFO: Run Behavior\ReadHtmlCacheBehavior [ RunTime:0.011376s ]
INFO: [ app_begin ] --END-- [ RunTime:0.011799s ]
INFO: [ app_end ] --START--
INFO: Run Behavior\ShowPageTraceBehavior [ RunTime:0.019527s ]
INFO: [ app_end ] --END-- [ RunTime:0.019963s ]

[ 2017-01-27T21:21:30+08:00 ] 127.0.0.1 /Home/App/sendEmailToInviter
INFO: [ app_init ] --START--
INFO: Run Behavior\BuildLiteBehavior [ RunTime:0.000075s ]
INFO: [ app_init ] --END-- [ RunTime:0.001136s ]
INFO: [ app_begin ] --START--
INFO: Run Behavior\ReadHtmlCacheBehavior [ RunTime:0.004216s ]
INFO: [ app_begin ] --END-- [ RunTime:0.004529s ]
INFO: [ app_end ] --START--
INFO: Run Behavior\ShowPageTraceBehavior [ RunTime:0.001257s ]
INFO: [ app_end ] --END-- [ RunTime:0.001643s ]

[ 2017-01-27T21:23:05+08:00 ] 127.0.0.1 /Home/App/sendEmailToInviter
INFO: [ app_init ] --START--
INFO: Run Behavior\BuildLiteBehavior [ RunTime:0.000081s ]
INFO: [ app_init ] --END-- [ RunTime:0.007175s ]
INFO: [ app_begin ] --START--
INFO: Run Behavior\ReadHtmlCacheBehavior [ RunTime:0.001935s ]
INFO: [ app_begin ] --END-- [ RunTime:0.002335s ]
INFO: [ app_end ] --START--
INFO: Run Behavior\ShowPageTraceBehavior [ RunTime:0.003446s ]
INFO: [ app_end ] --END-- [ RunTime:0.004033s ]

[ 2017-01-27T21:23:15+08:00 ] 127.0.0.1 /Home/App/sendEmailToInviter
INFO: [ app_init ] --START--
INFO: Run Behavior\BuildLiteBehavior [ RunTime:0.000081s ]
INFO: [ app_init ] --END-- [ RunTime:0.001229s ]
INFO: [ app_begin ] --START--
INFO: Run Behavior\ReadHtmlCacheBehavior [ RunTime:0.001178s ]
INFO: [ app_begin ] --END-- [ RunTime:0.001555s ]
INFO: [ app_end ] --START--
INFO: Run Behavior\ShowPageTraceBehavior [ RunTime:0.001588s ]
INFO: [ app_end ] --END-- [ RunTime:0.002041s ]

[ 2017-01-27T21:23:44+08:00 ] 127.0.0.1 /Home/App/sendEmailToInviter
INFO: [ app_init ] --START--
INFO: Run Behavior\BuildLiteBehavior [ RunTime:0.000076s ]
INFO: [ app_init ] --END-- [ RunTime:0.001094s ]
INFO: [ app_begin ] --START--
INFO: Run Behavior\ReadHtmlCacheBehavior [ RunTime:0.001114s ]
INFO: [ app_begin ] --END-- [ RunTime:0.001478s ]
INFO: [ app_end ] --START--
INFO: Run Behavior\ShowPageTraceBehavior [ RunTime:0.001020s ]
INFO: [ app_end ] --END-- [ RunTime:0.001209s ]

[ 2017-01-27T21:24:23+08:00 ] 127.0.0.1 /Home/App/sendEmailToInviter
INFO: [ app_init ] --START--
INFO: Run Behavior\BuildLiteBehavior [ RunTime:0.000135s ]
INFO: [ app_init ] --END-- [ RunTime:0.002893s ]
INFO: [ app_begin ] --START--
INFO: Run Behavior\ReadHtmlCacheBehavior [ RunTime:0.001832s ]
INFO: [ app_begin ] --END-- [ RunTime:0.002304s ]
INFO: [ app_end ] --START--
INFO: Run Behavior\ShowPageTraceBehavior [ RunTime:0.001970s ]
INFO: [ app_end ] --END-- [ RunTime:0.002319s ]

[ 2017-01-27T21:25:23+08:00 ] 127.0.0.1 /Home/App/sendEmailToInviter
INFO: [ app_init ] --START--
INFO: Run Behavior\BuildLiteBehavior [ RunTime:0.000082s ]
INFO: [ app_init ] --END-- [ RunTime:0.001220s ]
INFO: [ app_begin ] --START--
INFO: Run Behavior\ReadHtmlCacheBehavior [ RunTime:0.001760s ]
INFO: [ app_begin ] --END-- [ RunTime:0.002182s ]
INFO: [ app_end ] --START--
INFO: Run Behavior\ShowPageTraceBehavior [ RunTime:0.001708s ]
INFO: [ app_end ] --END-- [ RunTime:0.002132s ]

