[ 2017-02-02T16:12:45+08:00 ] 127.0.0.1 /Home/App/sendEmailToInviter
INFO: [ app_init ] --START--
INFO: Run Behavior\BuildLiteBehavior [ RunTime:0.000080s ]
INFO: [ app_init ] --END-- [ RunTime:0.033603s ]
INFO: [ app_begin ] --START--
INFO: Run Behavior\ReadHtmlCacheBehavior [ RunTime:0.012901s ]
INFO: [ app_begin ] --END-- [ RunTime:0.013479s ]
INFO: [ app_end ] --START--
INFO: Run Behavior\ShowPageTraceBehavior [ RunTime:0.012974s ]
INFO: [ app_end ] --END-- [ RunTime:0.013323s ]

[ 2017-02-02T16:13:41+08:00 ] 127.0.0.1 /Home/App/sendEmailToInviter
INFO: [ app_init ] --START--
INFO: Run Behavior\BuildLiteBehavior [ RunTime:0.000042s ]
INFO: [ app_init ] --END-- [ RunTime:0.000901s ]
INFO: [ app_begin ] --START--
INFO: Run Behavior\ReadHtmlCacheBehavior [ RunTime:0.000776s ]
INFO: [ app_begin ] --END-- [ RunTime:0.000977s ]
INFO: [ app_end ] --START--
INFO: Run Behavior\ShowPageTraceBehavior [ RunTime:0.000618s ]
INFO: [ app_end ] --END-- [ RunTime:0.000812s ]

[ 2017-02-02T16:14:51+08:00 ] 127.0.0.1 /Home/App/sendEmailToInviter1
INFO: [ app_init ] --START--
INFO: Run Behavior\BuildLiteBehavior [ RunTime:0.000066s ]
INFO: [ app_init ] --END-- [ RunTime:0.001020s ]
INFO: [ app_begin ] --START--
INFO: Run Behavior\ReadHtmlCacheBehavior [ RunTime:0.001427s ]
INFO: [ app_begin ] --END-- [ RunTime:0.002041s ]
INFO: [ app_end ] --START--
INFO: Run Behavior\ShowPageTraceBehavior [ RunTime:0.000911s ]
INFO: [ app_end ] --END-- [ RunTime:0.001164s ]

[ 2017-02-02T16:16:30+08:00 ] 127.0.0.1 /Home/App/sendEmailToInviter
INFO: [ app_init ] --START--
INFO: Run Behavior\BuildLiteBehavior [ RunTime:0.000097s ]
INFO: [ app_init ] --END-- [ RunTime:0.001369s ]
INFO: [ app_begin ] --START--
INFO: Run Behavior\ReadHtmlCacheBehavior [ RunTime:0.001029s ]
INFO: [ app_begin ] --END-- [ RunTime:0.001375s ]
INFO: [ app_end ] --START--
INFO: Run Behavior\ShowPageTraceBehavior [ RunTime:0.000635s ]
INFO: [ app_end ] --END-- [ RunTime:0.000825s ]

[ 2017-02-02T16:51:08+08:00 ] 127.0.0.1 /Home/App/sendEmailToInviter
INFO: [ app_init ] --START--
INFO: Run Behavior\BuildLiteBehavior [ RunTime:0.000181s ]
INFO: [ app_init ] --END-- [ RunTime:0.001361s ]
INFO: [ app_begin ] --START--
INFO: Run Behavior\ReadHtmlCacheBehavior [ RunTime:0.000837s ]
INFO: [ app_begin ] --END-- [ RunTime:0.001043s ]

[ 2017-02-02T16:54:02+08:00 ] 127.0.0.1 /Home/App/sendEmailToInviter
INFO: [ app_init ] --START--
INFO: Run Behavior\BuildLiteBehavior [ RunTime:0.000038s ]
INFO: [ app_init ] --END-- [ RunTime:0.000677s ]
INFO: [ app_begin ] --START--
INFO: Run Behavior\ReadHtmlCacheBehavior [ RunTime:0.000976s ]
INFO: [ app_begin ] --END-- [ RunTime:0.001173s ]

[ 2017-02-02T16:55:36+08:00 ] 127.0.0.1 /Home/App/sendEmailToInviter
INFO: [ app_init ] --START--
INFO: Run Behavior\BuildLiteBehavior [ RunTime:0.000109s ]
INFO: [ app_init ] --END-- [ RunTime:0.001387s ]
INFO: [ app_begin ] --START--
INFO: Run Behavior\ReadHtmlCacheBehavior [ RunTime:0.000883s ]
INFO: [ app_begin ] --END-- [ RunTime:0.001146s ]
NOTIC: [8] Undefined variable: mail D:\wamp\www\Daily\Application\Home\Common\function.php 第 8 行.

[ 2017-02-02T16:56:56+08:00 ] 127.0.0.1 /Home/App/sendEmailToInviter
INFO: [ app_init ] --START--
INFO: Run Behavior\BuildLiteBehavior [ RunTime:0.000079s ]
INFO: [ app_init ] --END-- [ RunTime:0.001398s ]
INFO: [ app_begin ] --START--
INFO: Run Behavior\ReadHtmlCacheBehavior [ RunTime:0.000989s ]
INFO: [ app_begin ] --END-- [ RunTime:0.001207s ]
NOTIC: [8] Undefined variable: mail D:\wamp\www\Daily\Application\Home\Common\function.php 第 8 行.

[ 2017-02-02T16:59:39+08:00 ] 127.0.0.1 /Home/App/sendEmailToInviter
INFO: [ app_init ] --START--
INFO: Run Behavior\BuildLiteBehavior [ RunTime:0.000173s ]
INFO: [ app_init ] --END-- [ RunTime:0.001497s ]
INFO: [ app_begin ] --START--
INFO: Run Behavior\ReadHtmlCacheBehavior [ RunTime:0.007033s ]
INFO: [ app_begin ] --END-- [ RunTime:0.007633s ]
NOTIC: [8] Undefined variable: mail D:\wamp\www\Daily\Application\Home\Common\function.php 第 10 行.

[ 2017-02-02T17:00:52+08:00 ] 127.0.0.1 /Home/App/sendEmailToInviter
INFO: [ app_init ] --START--
INFO: Run Behavior\BuildLiteBehavior [ RunTime:0.000080s ]
INFO: [ app_init ] --END-- [ RunTime:0.002947s ]
INFO: [ app_begin ] --START--
INFO: Run Behavior\ReadHtmlCacheBehavior [ RunTime:0.001096s ]
INFO: [ app_begin ] --END-- [ RunTime:0.001512s ]
NOTIC: [8] Undefined variable: mail D:\wamp\www\Daily\Application\Home\Common\function.php 第 7 行.
NOTIC: [8] Undefined variable: mail D:\wamp\www\Daily\Application\Home\Common\function.php 第 10 行.

[ 2017-02-02T17:02:48+08:00 ] 127.0.0.1 /Home/App/sendEmailToInviter
INFO: [ app_init ] --START--
INFO: Run Behavior\BuildLiteBehavior [ RunTime:0.000044s ]
INFO: [ app_init ] --END-- [ RunTime:0.001675s ]
INFO: [ app_begin ] --START--
INFO: Run Behavior\ReadHtmlCacheBehavior [ RunTime:0.001768s ]
INFO: [ app_begin ] --END-- [ RunTime:0.002055s ]
NOTIC: [8] Undefined variable: mail D:\wamp\www\Daily\Application\Home\Common\function.php 第 7 行.
NOTIC: [8] Undefined variable: mail D:\wamp\www\Daily\Application\Home\Common\function.php 第 10 行.

[ 2017-02-02T17:04:33+08:00 ] 127.0.0.1 /Home/App/sendEmailToInviter
INFO: [ app_init ] --START--
INFO: Run Behavior\BuildLiteBehavior [ RunTime:0.000038s ]
INFO: [ app_init ] --END-- [ RunTime:0.000593s ]
INFO: [ app_begin ] --START--
INFO: Run Behavior\ReadHtmlCacheBehavior [ RunTime:0.000602s ]
INFO: [ app_begin ] --END-- [ RunTime:0.000794s ]
NOTIC: [8] Undefined variable: mail D:\wamp\www\Daily\Application\Home\Common\function.php 第 7 行.
NOTIC: [8] Undefined variable: mail D:\wamp\www\Daily\Application\Home\Common\function.php 第 10 行.

[ 2017-02-02T17:05:00+08:00 ] 127.0.0.1 /Home/App/sendEmailToInviter
INFO: [ app_init ] --START--
INFO: Run Behavior\BuildLiteBehavior [ RunTime:0.000051s ]
INFO: [ app_init ] --END-- [ RunTime:0.000906s ]
INFO: [ app_begin ] --START--
INFO: Run Behavior\ReadHtmlCacheBehavior [ RunTime:0.000869s ]
INFO: [ app_begin ] --END-- [ RunTime:0.001058s ]
NOTIC: [8] Undefined variable: mail D:\wamp\www\Daily\Application\Home\Common\function.php 第 9 行.
NOTIC: [8] Undefined variable: mail D:\wamp\www\Daily\Application\Home\Common\function.php 第 12 行.

[ 2017-02-02T17:05:01+08:00 ] 127.0.0.1 /Home/App/sendEmailToInviter
INFO: [ app_init ] --START--
INFO: Run Behavior\BuildLiteBehavior [ RunTime:0.000041s ]
INFO: [ app_init ] --END-- [ RunTime:0.000655s ]
INFO: [ app_begin ] --START--
INFO: Run Behavior\ReadHtmlCacheBehavior [ RunTime:0.000702s ]
INFO: [ app_begin ] --END-- [ RunTime:0.000945s ]
NOTIC: [8] Undefined variable: mail D:\wamp\www\Daily\Application\Home\Common\function.php 第 9 行.
NOTIC: [8] Undefined variable: mail D:\wamp\www\Daily\Application\Home\Common\function.php 第 12 行.

[ 2017-02-02T17:05:53+08:00 ] 127.0.0.1 /Home/App/sendEmailToInviter
INFO: [ app_init ] --START--
INFO: Run Behavior\BuildLiteBehavior [ RunTime:0.000065s ]
INFO: [ app_init ] --END-- [ RunTime:0.001641s ]
INFO: [ app_begin ] --START--
INFO: Run Behavior\ReadHtmlCacheBehavior [ RunTime:0.000905s ]
INFO: [ app_begin ] --END-- [ RunTime:0.001103s ]
NOTIC: [8] Undefined variable: mail D:\wamp\www\Daily\Application\Home\Common\function.php 第 9 行.
NOTIC: [8] Undefined variable: mail D:\wamp\www\Daily\Application\Home\Common\function.php 第 12 行.

[ 2017-02-02T17:05:55+08:00 ] 127.0.0.1 /Home/App/sendEmailToInviter
INFO: [ app_init ] --START--
INFO: Run Behavior\BuildLiteBehavior [ RunTime:0.000042s ]
INFO: [ app_init ] --END-- [ RunTime:0.000897s ]
INFO: [ app_begin ] --START--
INFO: Run Behavior\ReadHtmlCacheBehavior [ RunTime:0.000696s ]
INFO: [ app_begin ] --END-- [ RunTime:0.000909s ]
NOTIC: [8] Undefined variable: mail D:\wamp\www\Daily\Application\Home\Common\function.php 第 9 行.
NOTIC: [8] Undefined variable: mail D:\wamp\www\Daily\Application\Home\Common\function.php 第 12 行.

[ 2017-02-02T17:06:20+08:00 ] 127.0.0.1 /Home/App/sendEmailToInviter
INFO: [ app_init ] --START--
INFO: Run Behavior\BuildLiteBehavior [ RunTime:0.000037s ]
INFO: [ app_init ] --END-- [ RunTime:0.000606s ]
INFO: [ app_begin ] --START--
INFO: Run Behavior\ReadHtmlCacheBehavior [ RunTime:0.000582s ]
INFO: [ app_begin ] --END-- [ RunTime:0.000780s ]
INFO: [ app_end ] --START--
INFO: Run Behavior\ShowPageTraceBehavior [ RunTime:0.033473s ]
INFO: [ app_end ] --END-- [ RunTime:0.033677s ]

[ 2017-02-02T17:06:37+08:00 ] 127.0.0.1 /Home/App/sendEmailToInviter
INFO: [ app_init ] --START--
INFO: Run Behavior\BuildLiteBehavior [ RunTime:0.000039s ]
INFO: [ app_init ] --END-- [ RunTime:0.000620s ]
INFO: [ app_begin ] --START--
INFO: Run Behavior\ReadHtmlCacheBehavior [ RunTime:0.000591s ]
INFO: [ app_begin ] --END-- [ RunTime:0.000772s ]
NOTIC: [8] Undefined variable: mail D:\wamp\www\Daily\Application\Home\Common\function.php 第 9 行.
NOTIC: [8] Undefined variable: mail D:\wamp\www\Daily\Application\Home\Common\function.php 第 12 行.

[ 2017-02-02T17:06:55+08:00 ] 127.0.0.1 /Home/App/sendEmailToInviter
INFO: [ app_init ] --START--
INFO: Run Behavior\BuildLiteBehavior [ RunTime:0.000047s ]
INFO: [ app_init ] --END-- [ RunTime:0.000608s ]
INFO: [ app_begin ] --START--
INFO: Run Behavior\ReadHtmlCacheBehavior [ RunTime:0.000608s ]
INFO: [ app_begin ] --END-- [ RunTime:0.000787s ]
NOTIC: [8] Undefined variable: mail D:\wamp\www\Daily\Application\Home\Common\function.php 第 9 行.
INFO: [ app_end ] --START--
INFO: Run Behavior\ShowPageTraceBehavior [ RunTime:0.000680s ]
INFO: [ app_end ] --END-- [ RunTime:0.000888s ]

[ 2017-02-02T17:07:03+08:00 ] 127.0.0.1 /Home/App/sendEmailToInviter
INFO: [ app_init ] --START--
INFO: Run Behavior\BuildLiteBehavior [ RunTime:0.000061s ]
INFO: [ app_init ] --END-- [ RunTime:0.000808s ]
INFO: [ app_begin ] --START--
INFO: Run Behavior\ReadHtmlCacheBehavior [ RunTime:0.000618s ]
INFO: [ app_begin ] --END-- [ RunTime:0.000799s ]
NOTIC: [8] Undefined variable: mail D:\wamp\www\Daily\Application\Home\Common\function.php 第 9 行.
INFO: [ app_end ] --START--
INFO: Run Behavior\ShowPageTraceBehavior [ RunTime:0.000645s ]
INFO: [ app_end ] --END-- [ RunTime:0.000829s ]

[ 2017-02-02T17:07:04+08:00 ] 127.0.0.1 /Home/App/sendEmailToInviter
INFO: [ app_init ] --START--
INFO: Run Behavior\BuildLiteBehavior [ RunTime:0.000038s ]
INFO: [ app_init ] --END-- [ RunTime:0.000592s ]
INFO: [ app_begin ] --START--
INFO: Run Behavior\ReadHtmlCacheBehavior [ RunTime:0.000600s ]
INFO: [ app_begin ] --END-- [ RunTime:0.000779s ]
NOTIC: [8] Undefined variable: mail D:\wamp\www\Daily\Application\Home\Common\function.php 第 9 行.
INFO: [ app_end ] --START--
INFO: Run Behavior\ShowPageTraceBehavior [ RunTime:0.000629s ]
INFO: [ app_end ] --END-- [ RunTime:0.000813s ]

[ 2017-02-02T17:07:05+08:00 ] 127.0.0.1 /Home/App/sendEmailToInviter
INFO: [ app_init ] --START--
INFO: Run Behavior\BuildLiteBehavior [ RunTime:0.000039s ]
INFO: [ app_init ] --END-- [ RunTime:0.000624s ]
INFO: [ app_begin ] --START--
INFO: Run Behavior\ReadHtmlCacheBehavior [ RunTime:0.001034s ]
INFO: [ app_begin ] --END-- [ RunTime:0.001308s ]
NOTIC: [8] Undefined variable: mail D:\wamp\www\Daily\Application\Home\Common\function.php 第 9 行.
INFO: [ app_end ] --START--
INFO: Run Behavior\ShowPageTraceBehavior [ RunTime:0.000677s ]
INFO: [ app_end ] --END-- [ RunTime:0.000862s ]

[ 2017-02-02T17:09:42+08:00 ] 127.0.0.1 /Home/App/sendEmailToInviter
INFO: [ app_init ] --START--
INFO: Run Behavior\BuildLiteBehavior [ RunTime:0.000039s ]
INFO: [ app_init ] --END-- [ RunTime:0.000685s ]
INFO: [ app_begin ] --START--
INFO: Run Behavior\ReadHtmlCacheBehavior [ RunTime:0.001363s ]
INFO: [ app_begin ] --END-- [ RunTime:0.001656s ]
NOTIC: [8] Undefined variable: mail D:\wamp\www\Daily\Application\Home\Common\function.php 第 9 行.
INFO: [ app_end ] --START--
INFO: Run Behavior\ShowPageTraceBehavior [ RunTime:0.000939s ]
INFO: [ app_end ] --END-- [ RunTime:0.001124s ]

[ 2017-02-02T17:09:43+08:00 ] 127.0.0.1 /Home/App/sendEmailToInviter
INFO: [ app_init ] --START--
INFO: Run Behavior\BuildLiteBehavior [ RunTime:0.000039s ]
INFO: [ app_init ] --END-- [ RunTime:0.000604s ]
INFO: [ app_begin ] --START--
INFO: Run Behavior\ReadHtmlCacheBehavior [ RunTime:0.000790s ]
INFO: [ app_begin ] --END-- [ RunTime:0.001066s ]
NOTIC: [8] Undefined variable: mail D:\wamp\www\Daily\Application\Home\Common\function.php 第 9 行.
INFO: [ app_end ] --START--
INFO: Run Behavior\ShowPageTraceBehavior [ RunTime:0.000785s ]
INFO: [ app_end ] --END-- [ RunTime:0.000989s ]

[ 2017-02-02T17:09:53+08:00 ] 127.0.0.1 /Home/App/sendEmailToInviter
INFO: [ app_init ] --START--
INFO: Run Behavior\BuildLiteBehavior [ RunTime:0.000038s ]
INFO: [ app_init ] --END-- [ RunTime:0.000668s ]
INFO: [ app_begin ] --START--
INFO: Run Behavior\ReadHtmlCacheBehavior [ RunTime:0.000821s ]
INFO: [ app_begin ] --END-- [ RunTime:0.001013s ]
NOTIC: [8] Undefined variable: mail D:\wamp\www\Daily\Application\Home\Common\function.php 第 9 行.
INFO: [ app_end ] --START--
INFO: Run Behavior\ShowPageTraceBehavior [ RunTime:0.001020s ]
INFO: [ app_end ] --END-- [ RunTime:0.001212s ]

[ 2017-02-02T17:10:05+08:00 ] 127.0.0.1 /Home/App/sendEmailToInviter
INFO: [ app_init ] --START--
INFO: Run Behavior\BuildLiteBehavior [ RunTime:0.000038s ]
INFO: [ app_init ] --END-- [ RunTime:0.000585s ]
INFO: [ app_begin ] --START--
INFO: Run Behavior\ReadHtmlCacheBehavior [ RunTime:0.000649s ]
INFO: [ app_begin ] --END-- [ RunTime:0.000836s ]
NOTIC: [8] Undefined variable: mail D:\wamp\www\Daily\Application\Home\Common\function.php 第 9 行.
INFO: [ app_end ] --START--
INFO: Run Behavior\ShowPageTraceBehavior [ RunTime:0.000874s ]
INFO: [ app_end ] --END-- [ RunTime:0.001093s ]

[ 2017-02-02T17:10:06+08:00 ] 127.0.0.1 /Home/App/sendEmailToInviter
INFO: [ app_init ] --START--
INFO: Run Behavior\BuildLiteBehavior [ RunTime:0.000038s ]
INFO: [ app_init ] --END-- [ RunTime:0.000598s ]
INFO: [ app_begin ] --START--
INFO: Run Behavior\ReadHtmlCacheBehavior [ RunTime:0.000600s ]
INFO: [ app_begin ] --END-- [ RunTime:0.000779s ]
NOTIC: [8] Undefined variable: mail D:\wamp\www\Daily\Application\Home\Common\function.php 第 9 行.
INFO: [ app_end ] --START--
INFO: Run Behavior\ShowPageTraceBehavior [ RunTime:0.000953s ]
INFO: [ app_end ] --END-- [ RunTime:0.001266s ]

[ 2017-02-02T17:10:13+08:00 ] 127.0.0.1 /Home/App/sendEmailToInviter
INFO: [ app_init ] --START--
INFO: Run Behavior\BuildLiteBehavior [ RunTime:0.000037s ]
INFO: [ app_init ] --END-- [ RunTime:0.000586s ]
INFO: [ app_begin ] --START--
INFO: Run Behavior\ReadHtmlCacheBehavior [ RunTime:0.000882s ]
INFO: [ app_begin ] --END-- [ RunTime:0.001177s ]
NOTIC: [8] Undefined variable: mail D:\wamp\www\Daily\Application\Home\Common\function.php 第 9 行.
INFO: [ app_end ] --START--
INFO: Run Behavior\ShowPageTraceBehavior [ RunTime:0.000635s ]
INFO: [ app_end ] --END-- [ RunTime:0.000817s ]

[ 2017-02-02T17:10:14+08:00 ] 127.0.0.1 /Home/App/sendEmailToInviter
INFO: [ app_init ] --START--
INFO: Run Behavior\BuildLiteBehavior [ RunTime:0.000037s ]
INFO: [ app_init ] --END-- [ RunTime:0.000586s ]
INFO: [ app_begin ] --START--
INFO: Run Behavior\ReadHtmlCacheBehavior [ RunTime:0.000618s ]
INFO: [ app_begin ] --END-- [ RunTime:0.000810s ]
NOTIC: [8] Undefined variable: mail D:\wamp\www\Daily\Application\Home\Common\function.php 第 9 行.
INFO: [ app_end ] --START--
INFO: Run Behavior\ShowPageTraceBehavior [ RunTime:0.000645s ]
INFO: [ app_end ] --END-- [ RunTime:0.000852s ]

[ 2017-02-02T17:11:27+08:00 ] 127.0.0.1 /Home/App/sendEmailToInviter
INFO: [ app_init ] --START--
INFO: Run Behavior\BuildLiteBehavior [ RunTime:0.000042s ]
INFO: [ app_init ] --END-- [ RunTime:0.000754s ]
INFO: [ app_begin ] --START--
INFO: Run Behavior\ReadHtmlCacheBehavior [ RunTime:0.000615s ]
INFO: [ app_begin ] --END-- [ RunTime:0.000809s ]
NOTIC: [8] Undefined variable: mail D:\wamp\www\Daily\Application\Home\Common\function.php 第 9 行.
INFO: [ app_end ] --START--
INFO: Run Behavior\ShowPageTraceBehavior [ RunTime:0.000650s ]
INFO: [ app_end ] --END-- [ RunTime:0.000833s ]

[ 2017-02-02T17:11:27+08:00 ] 127.0.0.1 /Home/App/sendEmailToInviter
INFO: [ app_init ] --START--
INFO: Run Behavior\BuildLiteBehavior [ RunTime:0.000038s ]
INFO: [ app_init ] --END-- [ RunTime:0.000647s ]
INFO: [ app_begin ] --START--
INFO: Run Behavior\ReadHtmlCacheBehavior [ RunTime:0.000621s ]
INFO: [ app_begin ] --END-- [ RunTime:0.000817s ]
NOTIC: [8] Undefined variable: mail D:\wamp\www\Daily\Application\Home\Common\function.php 第 9 行.
INFO: [ app_end ] --START--
INFO: Run Behavior\ShowPageTraceBehavior [ RunTime:0.000674s ]
INFO: [ app_end ] --END-- [ RunTime:0.000873s ]

[ 2017-02-02T17:11:35+08:00 ] 127.0.0.1 /Home/App/sendEmailToInviter
INFO: [ app_init ] --START--
INFO: Run Behavior\BuildLiteBehavior [ RunTime:0.000086s ]
INFO: [ app_init ] --END-- [ RunTime:0.001201s ]
INFO: [ app_begin ] --START--
INFO: Run Behavior\ReadHtmlCacheBehavior [ RunTime:0.000679s ]
INFO: [ app_begin ] --END-- [ RunTime:0.000872s ]
NOTIC: [8] Undefined variable: mail D:\wamp\www\Daily\Application\Home\Common\function.php 第 9 行.
INFO: [ app_end ] --START--
INFO: Run Behavior\ShowPageTraceBehavior [ RunTime:0.000742s ]
INFO: [ app_end ] --END-- [ RunTime:0.000950s ]

[ 2017-02-02T17:11:36+08:00 ] 127.0.0.1 /Home/App/sendEmailToInviter
INFO: [ app_init ] --START--
INFO: Run Behavior\BuildLiteBehavior [ RunTime:0.000050s ]
INFO: [ app_init ] --END-- [ RunTime:0.000711s ]
INFO: [ app_begin ] --START--
INFO: Run Behavior\ReadHtmlCacheBehavior [ RunTime:0.000613s ]
INFO: [ app_begin ] --END-- [ RunTime:0.000798s ]
NOTIC: [8] Undefined variable: mail D:\wamp\www\Daily\Application\Home\Common\function.php 第 9 行.
INFO: [ app_end ] --START--
INFO: Run Behavior\ShowPageTraceBehavior [ RunTime:0.001343s ]
INFO: [ app_end ] --END-- [ RunTime:0.001680s ]

[ 2017-02-02T17:11:45+08:00 ] 127.0.0.1 /Home/App/sendEmailToInviter
INFO: [ app_init ] --START--
INFO: Run Behavior\BuildLiteBehavior [ RunTime:0.000041s ]
INFO: [ app_init ] --END-- [ RunTime:0.000797s ]
INFO: [ app_begin ] --START--
INFO: Run Behavior\ReadHtmlCacheBehavior [ RunTime:0.000873s ]
INFO: [ app_begin ] --END-- [ RunTime:0.001059s ]
NOTIC: [8] Undefined variable: mail D:\wamp\www\Daily\Application\Home\Common\function.php 第 9 行.
INFO: [ app_end ] --START--
INFO: Run Behavior\ShowPageTraceBehavior [ RunTime:0.001028s ]
INFO: [ app_end ] --END-- [ RunTime:0.001258s ]

[ 2017-02-02T17:11:46+08:00 ] 127.0.0.1 /Home/App/sendEmailToInviter
INFO: [ app_init ] --START--
INFO: Run Behavior\BuildLiteBehavior [ RunTime:0.000045s ]
INFO: [ app_init ] --END-- [ RunTime:0.000660s ]
INFO: [ app_begin ] --START--
INFO: Run Behavior\ReadHtmlCacheBehavior [ RunTime:0.001078s ]
INFO: [ app_begin ] --END-- [ RunTime:0.001431s ]
NOTIC: [8] Undefined variable: mail D:\wamp\www\Daily\Application\Home\Common\function.php 第 9 行.
INFO: [ app_end ] --START--
INFO: Run Behavior\ShowPageTraceBehavior [ RunTime:0.000827s ]
INFO: [ app_end ] --END-- [ RunTime:0.001091s ]

[ 2017-02-02T17:12:06+08:00 ] 127.0.0.1 /Home/App/sendEmailToInviter
INFO: [ app_init ] --START--
INFO: Run Behavior\BuildLiteBehavior [ RunTime:0.000039s ]
INFO: [ app_init ] --END-- [ RunTime:0.000686s ]
INFO: [ app_begin ] --START--
INFO: Run Behavior\ReadHtmlCacheBehavior [ RunTime:0.001243s ]
INFO: [ app_begin ] --END-- [ RunTime:0.001522s ]
NOTIC: [8] Undefined variable: mail D:\wamp\www\Daily\Application\Home\Common\function.php 第 9 行.
INFO: [ app_end ] --START--
INFO: Run Behavior\ShowPageTraceBehavior [ RunTime:0.000850s ]
INFO: [ app_end ] --END-- [ RunTime:0.001037s ]

[ 2017-02-02T17:12:07+08:00 ] 127.0.0.1 /Home/App/sendEmailToInviter
INFO: [ app_init ] --START--
INFO: Run Behavior\BuildLiteBehavior [ RunTime:0.000071s ]
INFO: [ app_init ] --END-- [ RunTime:0.001028s ]
INFO: [ app_begin ] --START--
INFO: Run Behavior\ReadHtmlCacheBehavior [ RunTime:0.000929s ]
INFO: [ app_begin ] --END-- [ RunTime:0.001263s ]
NOTIC: [8] Undefined variable: mail D:\wamp\www\Daily\Application\Home\Common\function.php 第 9 行.
INFO: [ app_end ] --START--
INFO: Run Behavior\ShowPageTraceBehavior [ RunTime:0.001025s ]
INFO: [ app_end ] --END-- [ RunTime:0.001397s ]

[ 2017-02-02T17:15:32+08:00 ] 127.0.0.1 /Home/App/sendEmailToInviter
INFO: [ app_init ] --START--
INFO: Run Behavior\BuildLiteBehavior [ RunTime:0.000040s ]
INFO: [ app_init ] --END-- [ RunTime:0.000691s ]
INFO: [ app_begin ] --START--
INFO: Run Behavior\ReadHtmlCacheBehavior [ RunTime:0.000830s ]
INFO: [ app_begin ] --END-- [ RunTime:0.001013s ]
NOTIC: [8] Undefined variable: mail D:\wamp\www\Daily\Application\Home\Common\function.php 第 9 行.
INFO: [ app_end ] --START--
INFO: Run Behavior\ShowPageTraceBehavior [ RunTime:0.001107s ]
INFO: [ app_end ] --END-- [ RunTime:0.001411s ]

[ 2017-02-02T17:16:28+08:00 ] 127.0.0.1 /Home/App/sendEmailToInviter
INFO: [ app_init ] --START--
INFO: Run Behavior\BuildLiteBehavior [ RunTime:0.000073s ]
INFO: [ app_init ] --END-- [ RunTime:0.000957s ]
INFO: [ app_begin ] --START--
INFO: Run Behavior\ReadHtmlCacheBehavior [ RunTime:0.001335s ]
INFO: [ app_begin ] --END-- [ RunTime:0.001728s ]
NOTIC: [8] Undefined variable: mail D:\wamp\www\Daily\Application\Home\Common\function.php 第 9 行.
INFO: [ app_end ] --START--
INFO: Run Behavior\ShowPageTraceBehavior [ RunTime:0.000899s ]
INFO: [ app_end ] --END-- [ RunTime:0.001086s ]

[ 2017-02-02T17:16:29+08:00 ] 127.0.0.1 /Home/App/sendEmailToInviter
INFO: [ app_init ] --START--
INFO: Run Behavior\BuildLiteBehavior [ RunTime:0.000042s ]
INFO: [ app_init ] --END-- [ RunTime:0.000983s ]
INFO: [ app_begin ] --START--
INFO: Run Behavior\ReadHtmlCacheBehavior [ RunTime:0.000880s ]
INFO: [ app_begin ] --END-- [ RunTime:0.001146s ]
NOTIC: [8] Undefined variable: mail D:\wamp\www\Daily\Application\Home\Common\function.php 第 9 行.
INFO: [ app_end ] --START--
INFO: Run Behavior\ShowPageTraceBehavior [ RunTime:0.000669s ]
INFO: [ app_end ] --END-- [ RunTime:0.000850s ]

[ 2017-02-02T17:16:42+08:00 ] 127.0.0.1 /Home/App/sendEmailToInviter
INFO: [ app_init ] --START--
INFO: Run Behavior\BuildLiteBehavior [ RunTime:0.000040s ]
INFO: [ app_init ] --END-- [ RunTime:0.000716s ]
INFO: [ app_begin ] --START--
INFO: Run Behavior\ReadHtmlCacheBehavior [ RunTime:0.000753s ]
INFO: [ app_begin ] --END-- [ RunTime:0.000961s ]
NOTIC: [8] Undefined variable: mail D:\wamp\www\Daily\Application\Home\Common\function.php 第 9 行.
INFO: [ app_end ] --START--
INFO: Run Behavior\ShowPageTraceBehavior [ RunTime:0.000639s ]
INFO: [ app_end ] --END-- [ RunTime:0.000822s ]

[ 2017-02-02T17:16:44+08:00 ] 127.0.0.1 /Home/App/sendEmailToInviter
INFO: [ app_init ] --START--
INFO: Run Behavior\BuildLiteBehavior [ RunTime:0.000042s ]
INFO: [ app_init ] --END-- [ RunTime:0.000727s ]
INFO: [ app_begin ] --START--
INFO: Run Behavior\ReadHtmlCacheBehavior [ RunTime:0.000602s ]
INFO: [ app_begin ] --END-- [ RunTime:0.000783s ]
NOTIC: [8] Undefined variable: mail D:\wamp\www\Daily\Application\Home\Common\function.php 第 9 行.
INFO: [ app_end ] --START--
INFO: Run Behavior\ShowPageTraceBehavior [ RunTime:0.000650s ]
INFO: [ app_end ] --END-- [ RunTime:0.000852s ]

[ 2017-02-02T17:16:54+08:00 ] 127.0.0.1 /Home/App/sendEmailToInviter
INFO: [ app_init ] --START--
INFO: Run Behavior\BuildLiteBehavior [ RunTime:0.000044s ]
INFO: [ app_init ] --END-- [ RunTime:0.000596s ]
INFO: [ app_begin ] --START--
INFO: Run Behavior\ReadHtmlCacheBehavior [ RunTime:0.000609s ]
INFO: [ app_begin ] --END-- [ RunTime:0.000785s ]
NOTIC: [8] Undefined variable: mail D:\wamp\www\Daily\Application\Home\Common\function.php 第 9 行.
NOTIC: [8] Undefined variable: mail D:\wamp\www\Daily\Application\Home\Common\function.php 第 12 行.

[ 2017-02-02T17:18:01+08:00 ] 127.0.0.1 /Home/App/sendEmailToInviter
INFO: [ app_init ] --START--
INFO: Run Behavior\BuildLiteBehavior [ RunTime:0.000070s ]
INFO: [ app_init ] --END-- [ RunTime:0.001065s ]
INFO: [ app_begin ] --START--
INFO: Run Behavior\ReadHtmlCacheBehavior [ RunTime:0.001617s ]
INFO: [ app_begin ] --END-- [ RunTime:0.002054s ]
NOTIC: [8] Undefined variable: mail D:\wamp\www\Daily\Application\Home\Common\function.php 第 9 行.
NOTIC: [8] Undefined variable: mail D:\wamp\www\Daily\Application\Home\Common\function.php 第 12 行.

[ 2017-02-02T17:18:02+08:00 ] 127.0.0.1 /Home/App/sendEmailToInviter
INFO: [ app_init ] --START--
INFO: Run Behavior\BuildLiteBehavior [ RunTime:0.000039s ]
INFO: [ app_init ] --END-- [ RunTime:0.000605s ]
INFO: [ app_begin ] --START--
INFO: Run Behavior\ReadHtmlCacheBehavior [ RunTime:0.000762s ]
INFO: [ app_begin ] --END-- [ RunTime:0.000993s ]
NOTIC: [8] Undefined variable: mail D:\wamp\www\Daily\Application\Home\Common\function.php 第 9 行.
NOTIC: [8] Undefined variable: mail D:\wamp\www\Daily\Application\Home\Common\function.php 第 12 行.

[ 2017-02-02T17:18:03+08:00 ] 127.0.0.1 /Home/App/sendEmailToInviter
INFO: [ app_init ] --START--
INFO: Run Behavior\BuildLiteBehavior [ RunTime:0.000041s ]
INFO: [ app_init ] --END-- [ RunTime:0.000593s ]
INFO: [ app_begin ] --START--
INFO: Run Behavior\ReadHtmlCacheBehavior [ RunTime:0.001507s ]
INFO: [ app_begin ] --END-- [ RunTime:0.001993s ]
NOTIC: [8] Undefined variable: mail D:\wamp\www\Daily\Application\Home\Common\function.php 第 9 行.
NOTIC: [8] Undefined variable: mail D:\wamp\www\Daily\Application\Home\Common\function.php 第 12 行.

[ 2017-02-02T17:18:03+08:00 ] 127.0.0.1 /Home/App/sendEmailToInviter
INFO: [ app_init ] --START--
INFO: Run Behavior\BuildLiteBehavior [ RunTime:0.000039s ]
INFO: [ app_init ] --END-- [ RunTime:0.000627s ]
INFO: [ app_begin ] --START--
INFO: Run Behavior\ReadHtmlCacheBehavior [ RunTime:0.000600s ]
INFO: [ app_begin ] --END-- [ RunTime:0.000791s ]
NOTIC: [8] Undefined variable: mail D:\wamp\www\Daily\Application\Home\Common\function.php 第 9 行.
NOTIC: [8] Undefined variable: mail D:\wamp\www\Daily\Application\Home\Common\function.php 第 12 行.

[ 2017-02-02T17:18:04+08:00 ] 127.0.0.1 /Home/App/sendEmailToInviter
INFO: [ app_init ] --START--
INFO: Run Behavior\BuildLiteBehavior [ RunTime:0.000040s ]
INFO: [ app_init ] --END-- [ RunTime:0.000639s ]
INFO: [ app_begin ] --START--
INFO: Run Behavior\ReadHtmlCacheBehavior [ RunTime:0.000624s ]
INFO: [ app_begin ] --END-- [ RunTime:0.000886s ]
NOTIC: [8] Undefined variable: mail D:\wamp\www\Daily\Application\Home\Common\function.php 第 9 行.
NOTIC: [8] Undefined variable: mail D:\wamp\www\Daily\Application\Home\Common\function.php 第 12 行.

[ 2017-02-02T17:18:05+08:00 ] 127.0.0.1 /Home/App/sendEmailToInviter
INFO: [ app_init ] --START--
INFO: Run Behavior\BuildLiteBehavior [ RunTime:0.000067s ]
INFO: [ app_init ] --END-- [ RunTime:0.000928s ]
INFO: [ app_begin ] --START--
INFO: Run Behavior\ReadHtmlCacheBehavior [ RunTime:0.001014s ]
INFO: [ app_begin ] --END-- [ RunTime:0.001375s ]
NOTIC: [8] Undefined variable: mail D:\wamp\www\Daily\Application\Home\Common\function.php 第 9 行.
NOTIC: [8] Undefined variable: mail D:\wamp\www\Daily\Application\Home\Common\function.php 第 12 行.

[ 2017-02-02T17:18:27+08:00 ] 127.0.0.1 /Home/App/sendEmailToInviter
INFO: [ app_init ] --START--
INFO: Run Behavior\BuildLiteBehavior [ RunTime:0.000038s ]
INFO: [ app_init ] --END-- [ RunTime:0.000588s ]
INFO: [ app_begin ] --START--
INFO: Run Behavior\ReadHtmlCacheBehavior [ RunTime:0.001009s ]
INFO: [ app_begin ] --END-- [ RunTime:0.001295s ]
NOTIC: [8] Use of undefined constant PHPMailer - assumed 'PHPMailer' D:\wamp\www\Daily\Application\Home\Common\function.php 第 9 行.
INFO: [ app_end ] --START--
INFO: Run Behavior\ShowPageTraceBehavior [ RunTime:0.000761s ]
INFO: [ app_end ] --END-- [ RunTime:0.000948s ]

[ 2017-02-02T17:18:43+08:00 ] 127.0.0.1 /Home/App/sendEmailToInviter
INFO: [ app_init ] --START--
INFO: Run Behavior\BuildLiteBehavior [ RunTime:0.000087s ]
INFO: [ app_init ] --END-- [ RunTime:0.001244s ]
INFO: [ app_begin ] --START--
INFO: Run Behavior\ReadHtmlCacheBehavior [ RunTime:0.000613s ]
INFO: [ app_begin ] --END-- [ RunTime:0.000800s ]
NOTIC: [8] Use of undefined constant PHPMailer - assumed 'PHPMailer' D:\wamp\www\Daily\Application\Home\Common\function.php 第 9 行.
INFO: [ app_end ] --START--
INFO: Run Behavior\ShowPageTraceBehavior [ RunTime:0.000817s ]
INFO: [ app_end ] --END-- [ RunTime:0.000998s ]

[ 2017-02-02T17:23:29+08:00 ] 127.0.0.1 /Home/App/sendEmailToInviter
INFO: [ app_init ] --START--
INFO: Run Behavior\BuildLiteBehavior [ RunTime:0.000040s ]
INFO: [ app_init ] --END-- [ RunTime:0.000788s ]
INFO: [ app_begin ] --START--
INFO: Run Behavior\ReadHtmlCacheBehavior [ RunTime:0.000854s ]
INFO: [ app_begin ] --END-- [ RunTime:0.001067s ]
NOTIC: [8] Use of undefined constant PHPMailer - assumed 'PHPMailer' D:\wamp\www\Daily\Application\Home\Common\function.php 第 7 行.
NOTIC: [8] Use of undefined constant PHPMailer - assumed 'PHPMailer' D:\wamp\www\Daily\Application\Home\Common\function.php 第 11 行.
INFO: [ app_end ] --START--
INFO: Run Behavior\ShowPageTraceBehavior [ RunTime:0.000874s ]
INFO: [ app_end ] --END-- [ RunTime:0.001054s ]

[ 2017-02-02T17:23:31+08:00 ] 127.0.0.1 /Home/App/sendEmailToInviter
INFO: [ app_init ] --START--
INFO: Run Behavior\BuildLiteBehavior [ RunTime:0.000038s ]
INFO: [ app_init ] --END-- [ RunTime:0.000598s ]
INFO: [ app_begin ] --START--
INFO: Run Behavior\ReadHtmlCacheBehavior [ RunTime:0.000629s ]
INFO: [ app_begin ] --END-- [ RunTime:0.000829s ]
NOTIC: [8] Use of undefined constant PHPMailer - assumed 'PHPMailer' D:\wamp\www\Daily\Application\Home\Common\function.php 第 7 行.
NOTIC: [8] Use of undefined constant PHPMailer - assumed 'PHPMailer' D:\wamp\www\Daily\Application\Home\Common\function.php 第 11 行.
INFO: [ app_end ] --START--
INFO: Run Behavior\ShowPageTraceBehavior [ RunTime:0.000724s ]
INFO: [ app_end ] --END-- [ RunTime:0.000907s ]

[ 2017-02-02T17:24:34+08:00 ] 127.0.0.1 /Home/App/sendEmailToInviter
INFO: [ app_init ] --START--
INFO: Run Behavior\BuildLiteBehavior [ RunTime:0.000038s ]
INFO: [ app_init ] --END-- [ RunTime:0.000677s ]
INFO: [ app_begin ] --START--
INFO: Run Behavior\ReadHtmlCacheBehavior [ RunTime:0.000836s ]
INFO: [ app_begin ] --END-- [ RunTime:0.001015s ]
NOTIC: [8] Use of undefined constant PHPMailer - assumed 'PHPMailer' D:\wamp\www\Daily\Application\Home\Common\function.php 第 7 行.
NOTIC: [8] Use of undefined constant PHPMailer - assumed 'PHPMailer' D:\wamp\www\Daily\Application\Home\Common\function.php 第 11 行.
INFO: [ app_end ] --START--
INFO: Run Behavior\ShowPageTraceBehavior [ RunTime:0.000983s ]
INFO: [ app_end ] --END-- [ RunTime:0.001169s ]

[ 2017-02-02T17:24:35+08:00 ] 127.0.0.1 /Home/App/sendEmailToInviter
INFO: [ app_init ] --START--
INFO: Run Behavior\BuildLiteBehavior [ RunTime:0.000067s ]
INFO: [ app_init ] --END-- [ RunTime:0.000897s ]
INFO: [ app_begin ] --START--
INFO: Run Behavior\ReadHtmlCacheBehavior [ RunTime:0.000948s ]
INFO: [ app_begin ] --END-- [ RunTime:0.001301s ]
NOTIC: [8] Use of undefined constant PHPMailer - assumed 'PHPMailer' D:\wamp\www\Daily\Application\Home\Common\function.php 第 7 行.
NOTIC: [8] Use of undefined constant PHPMailer - assumed 'PHPMailer' D:\wamp\www\Daily\Application\Home\Common\function.php 第 11 行.
INFO: [ app_end ] --START--
INFO: Run Behavior\ShowPageTraceBehavior [ RunTime:0.000845s ]
INFO: [ app_end ] --END-- [ RunTime:0.001114s ]

[ 2017-02-02T17:24:36+08:00 ] 127.0.0.1 /Home/App/sendEmailToInviter
INFO: [ app_init ] --START--
INFO: Run Behavior\BuildLiteBehavior [ RunTime:0.000038s ]
INFO: [ app_init ] --END-- [ RunTime:0.000596s ]
INFO: [ app_begin ] --START--
INFO: Run Behavior\ReadHtmlCacheBehavior [ RunTime:0.000611s ]
INFO: [ app_begin ] --END-- [ RunTime:0.000796s ]
NOTIC: [8] Use of undefined constant PHPMailer - assumed 'PHPMailer' D:\wamp\www\Daily\Application\Home\Common\function.php 第 7 行.
NOTIC: [8] Use of undefined constant PHPMailer - assumed 'PHPMailer' D:\wamp\www\Daily\Application\Home\Common\function.php 第 11 行.
INFO: [ app_end ] --START--
INFO: Run Behavior\ShowPageTraceBehavior [ RunTime:0.000650s ]
INFO: [ app_end ] --END-- [ RunTime:0.000829s ]

[ 2017-02-02T17:25:38+08:00 ] 127.0.0.1 /Home/App/sendEmailToInviter
INFO: [ app_init ] --START--
INFO: Run Behavior\BuildLiteBehavior [ RunTime:0.000054s ]
INFO: [ app_init ] --END-- [ RunTime:0.000750s ]
INFO: [ app_begin ] --START--
INFO: Run Behavior\ReadHtmlCacheBehavior [ RunTime:0.000863s ]
INFO: [ app_begin ] --END-- [ RunTime:0.001054s ]
NOTIC: [8] Use of undefined constant PHPMailer - assumed 'PHPMailer' D:\wamp\www\Daily\Application\Home\Common\function.php 第 7 行.
NOTIC: [8] Use of undefined constant PHPMailer - assumed 'PHPMailer' D:\wamp\www\Daily\Application\Home\Common\function.php 第 11 行.
INFO: [ app_end ] --START--
INFO: Run Behavior\ShowPageTraceBehavior [ RunTime:0.000783s ]
INFO: [ app_end ] --END-- [ RunTime:0.000958s ]

[ 2017-02-02T17:25:39+08:00 ] 127.0.0.1 /Home/App/sendEmailToInviter
INFO: [ app_init ] --START--
INFO: Run Behavior\BuildLiteBehavior [ RunTime:0.000039s ]
INFO: [ app_init ] --END-- [ RunTime:0.000649s ]
INFO: [ app_begin ] --START--
INFO: Run Behavior\ReadHtmlCacheBehavior [ RunTime:0.000667s ]
INFO: [ app_begin ] --END-- [ RunTime:0.000866s ]
NOTIC: [8] Use of undefined constant PHPMailer - assumed 'PHPMailer' D:\wamp\www\Daily\Application\Home\Common\function.php 第 7 行.
NOTIC: [8] Use of undefined constant PHPMailer - assumed 'PHPMailer' D:\wamp\www\Daily\Application\Home\Common\function.php 第 11 行.
INFO: [ app_end ] --START--
INFO: Run Behavior\ShowPageTraceBehavior [ RunTime:0.000724s ]
INFO: [ app_end ] --END-- [ RunTime:0.000984s ]

[ 2017-02-02T17:25:39+08:00 ] 127.0.0.1 /Home/App/sendEmailToInviter
INFO: [ app_init ] --START--
INFO: Run Behavior\BuildLiteBehavior [ RunTime:0.000073s ]
INFO: [ app_init ] --END-- [ RunTime:0.000927s ]
INFO: [ app_begin ] --START--
INFO: Run Behavior\ReadHtmlCacheBehavior [ RunTime:0.000650s ]
INFO: [ app_begin ] --END-- [ RunTime:0.000843s ]
NOTIC: [8] Use of undefined constant PHPMailer - assumed 'PHPMailer' D:\wamp\www\Daily\Application\Home\Common\function.php 第 7 行.
NOTIC: [8] Use of undefined constant PHPMailer - assumed 'PHPMailer' D:\wamp\www\Daily\Application\Home\Common\function.php 第 11 行.
INFO: [ app_end ] --START--
INFO: Run Behavior\ShowPageTraceBehavior [ RunTime:0.000645s ]
INFO: [ app_end ] --END-- [ RunTime:0.000833s ]

[ 2017-02-02T17:26:45+08:00 ] 127.0.0.1 /Home/App/sendEmailToInviter
INFO: [ app_init ] --START--
INFO: Run Behavior\BuildLiteBehavior [ RunTime:0.000040s ]
INFO: [ app_init ] --END-- [ RunTime:0.000668s ]
INFO: [ app_begin ] --START--
INFO: Run Behavior\ReadHtmlCacheBehavior [ RunTime:0.000869s ]
INFO: [ app_begin ] --END-- [ RunTime:0.001055s ]
NOTIC: [8] Use of undefined constant PHPMailer - assumed 'PHPMailer' D:\wamp\www\Daily\Application\Home\Common\function.php 第 7 行.
NOTIC: [8] Use of undefined constant PHPMailer - assumed 'PHPMailer' D:\wamp\www\Daily\Application\Home\Common\function.php 第 11 行.
INFO: [ app_end ] --START--
INFO: Run Behavior\ShowPageTraceBehavior [ RunTime:0.000770s ]
INFO: [ app_end ] --END-- [ RunTime:0.000947s ]

[ 2017-02-02T17:26:46+08:00 ] 127.0.0.1 /Home/App/sendEmailToInviter
INFO: [ app_init ] --START--
INFO: Run Behavior\BuildLiteBehavior [ RunTime:0.000038s ]
INFO: [ app_init ] --END-- [ RunTime:0.000587s ]
INFO: [ app_begin ] --START--
INFO: Run Behavior\ReadHtmlCacheBehavior [ RunTime:0.001096s ]
INFO: [ app_begin ] --END-- [ RunTime:0.001295s ]
NOTIC: [8] Use of undefined constant PHPMailer - assumed 'PHPMailer' D:\wamp\www\Daily\Application\Home\Common\function.php 第 7 行.
NOTIC: [8] Use of undefined constant PHPMailer - assumed 'PHPMailer' D:\wamp\www\Daily\Application\Home\Common\function.php 第 11 行.
INFO: [ app_end ] --START--
INFO: Run Behavior\ShowPageTraceBehavior [ RunTime:0.000628s ]
INFO: [ app_end ] --END-- [ RunTime:0.000832s ]

[ 2017-02-02T17:26:50+08:00 ] 127.0.0.1 /Home/App/sendEmailToInviter
INFO: [ app_init ] --START--
INFO: Run Behavior\BuildLiteBehavior [ RunTime:0.000038s ]
INFO: [ app_init ] --END-- [ RunTime:0.000582s ]
INFO: [ app_begin ] --START--
INFO: Run Behavior\ReadHtmlCacheBehavior [ RunTime:0.000594s ]
INFO: [ app_begin ] --END-- [ RunTime:0.000768s ]
NOTIC: [8] Use of undefined constant PHPMailer - assumed 'PHPMailer' D:\wamp\www\Daily\Application\Home\Common\function.php 第 7 行.
NOTIC: [8] Use of undefined constant PHPMailer - assumed 'PHPMailer' D:\wamp\www\Daily\Application\Home\Common\function.php 第 11 行.
INFO: [ app_end ] --START--
INFO: Run Behavior\ShowPageTraceBehavior [ RunTime:0.000607s ]
INFO: [ app_end ] --END-- [ RunTime:0.000779s ]

[ 2017-02-02T17:26:50+08:00 ] 127.0.0.1 /Home/App/sendEmailToInviter
INFO: [ app_init ] --START--
INFO: Run Behavior\BuildLiteBehavior [ RunTime:0.000040s ]
INFO: [ app_init ] --END-- [ RunTime:0.000619s ]
INFO: [ app_begin ] --START--
INFO: Run Behavior\ReadHtmlCacheBehavior [ RunTime:0.000595s ]
INFO: [ app_begin ] --END-- [ RunTime:0.000774s ]
NOTIC: [8] Use of undefined constant PHPMailer - assumed 'PHPMailer' D:\wamp\www\Daily\Application\Home\Common\function.php 第 7 行.
NOTIC: [8] Use of undefined constant PHPMailer - assumed 'PHPMailer' D:\wamp\www\Daily\Application\Home\Common\function.php 第 11 行.
INFO: [ app_end ] --START--
INFO: Run Behavior\ShowPageTraceBehavior [ RunTime:0.000624s ]
INFO: [ app_end ] --END-- [ RunTime:0.000857s ]

[ 2017-02-02T17:27:42+08:00 ] 127.0.0.1 /Home/App/sendEmailToInviter
INFO: [ app_init ] --START--
INFO: Run Behavior\BuildLiteBehavior [ RunTime:0.000040s ]
INFO: [ app_init ] --END-- [ RunTime:0.000700s ]
INFO: [ app_begin ] --START--
INFO: Run Behavior\ReadHtmlCacheBehavior [ RunTime:0.001113s ]
INFO: [ app_begin ] --END-- [ RunTime:0.001354s ]

[ 2017-02-02T17:27:54+08:00 ] 127.0.0.1 /Home/App/sendEmailToInviter
INFO: [ app_init ] --START--
INFO: Run Behavior\BuildLiteBehavior [ RunTime:0.000038s ]
INFO: [ app_init ] --END-- [ RunTime:0.000776s ]
INFO: [ app_begin ] --START--
INFO: Run Behavior\ReadHtmlCacheBehavior [ RunTime:0.000879s ]
INFO: [ app_begin ] --END-- [ RunTime:0.001069s ]

[ 2017-02-02T17:27:55+08:00 ] 127.0.0.1 /Home/App/sendEmailToInviter
INFO: [ app_init ] --START--
INFO: Run Behavior\BuildLiteBehavior [ RunTime:0.000055s ]
INFO: [ app_init ] --END-- [ RunTime:0.000719s ]
INFO: [ app_begin ] --START--
INFO: Run Behavior\ReadHtmlCacheBehavior [ RunTime:0.000603s ]
INFO: [ app_begin ] --END-- [ RunTime:0.000789s ]

[ 2017-02-02T17:28:07+08:00 ] 127.0.0.1 /Home/App/sendEmailToInviter
INFO: [ app_init ] --START--
INFO: Run Behavior\BuildLiteBehavior [ RunTime:0.000137s ]
INFO: [ app_init ] --END-- [ RunTime:0.001269s ]
INFO: [ app_begin ] --START--
INFO: Run Behavior\ReadHtmlCacheBehavior [ RunTime:0.001132s ]
INFO: [ app_begin ] --END-- [ RunTime:0.001510s ]
INFO: [ app_end ] --START--
INFO: Run Behavior\ShowPageTraceBehavior [ RunTime:0.001479s ]
INFO: [ app_end ] --END-- [ RunTime:0.001854s ]

[ 2017-02-02T17:28:23+08:00 ] 127.0.0.1 /Home/App/sendEmailToInviter
INFO: [ app_init ] --START--
INFO: Run Behavior\BuildLiteBehavior [ RunTime:0.000039s ]
INFO: [ app_init ] --END-- [ RunTime:0.000600s ]
INFO: [ app_begin ] --START--
INFO: Run Behavior\ReadHtmlCacheBehavior [ RunTime:0.000598s ]
INFO: [ app_begin ] --END-- [ RunTime:0.000780s ]
INFO: [ app_end ] --START--
INFO: Run Behavior\ShowPageTraceBehavior [ RunTime:0.000675s ]
INFO: [ app_end ] --END-- [ RunTime:0.000879s ]

[ 2017-02-02T17:29:23+08:00 ] 127.0.0.1 /Home/App/sendEmailToInviter
INFO: [ app_init ] --START--
INFO: Run Behavior\BuildLiteBehavior [ RunTime:0.000068s ]
INFO: [ app_init ] --END-- [ RunTime:0.001029s ]
INFO: [ app_begin ] --START--
INFO: Run Behavior\ReadHtmlCacheBehavior [ RunTime:0.001942s ]
INFO: [ app_begin ] --END-- [ RunTime:0.002445s ]
NOTIC: [8] Undefined variable: isSendSuccess D:\wamp\www\Daily\Application\Home\Controller\EmailController.class.php 第 14 行.
INFO: [ app_end ] --START--
INFO: Run Behavior\ShowPageTraceBehavior [ RunTime:0.001216s ]
INFO: [ app_end ] --END-- [ RunTime:0.001614s ]

[ 2017-02-02T17:29:56+08:00 ] 127.0.0.1 /Home/App/sendEmailToInviter
INFO: [ app_init ] --START--
INFO: Run Behavior\BuildLiteBehavior [ RunTime:0.000074s ]
INFO: [ app_init ] --END-- [ RunTime:0.001262s ]
INFO: [ app_begin ] --START--
INFO: Run Behavior\ReadHtmlCacheBehavior [ RunTime:0.001457s ]
INFO: [ app_begin ] --END-- [ RunTime:0.001887s ]
NOTIC: [8] Undefined variable: mail D:\wamp\www\Daily\Application\Home\Common\function.php 第 8 行.

[ 2017-02-02T17:30:10+08:00 ] 127.0.0.1 /Home/App/sendEmailToInviter
INFO: [ app_init ] --START--
INFO: Run Behavior\BuildLiteBehavior [ RunTime:0.000066s ]
INFO: [ app_init ] --END-- [ RunTime:0.000679s ]
INFO: [ app_begin ] --START--
INFO: Run Behavior\ReadHtmlCacheBehavior [ RunTime:0.000663s ]
INFO: [ app_begin ] --END-- [ RunTime:0.000857s ]
NOTIC: [8] Undefined variable: mail D:\wamp\www\Daily\Application\Home\Common\function.php 第 8 行.

[ 2017-02-02T17:30:11+08:00 ] 127.0.0.1 /Home/App/sendEmailToInviter
INFO: [ app_init ] --START--
INFO: Run Behavior\BuildLiteBehavior [ RunTime:0.000038s ]
INFO: [ app_init ] --END-- [ RunTime:0.000582s ]
INFO: [ app_begin ] --START--
INFO: Run Behavior\ReadHtmlCacheBehavior [ RunTime:0.000601s ]
INFO: [ app_begin ] --END-- [ RunTime:0.000783s ]
NOTIC: [8] Undefined variable: mail D:\wamp\www\Daily\Application\Home\Common\function.php 第 8 行.

[ 2017-02-02T17:30:33+08:00 ] 127.0.0.1 /Home/App/sendEmailToInviter
INFO: [ app_init ] --START--
INFO: Run Behavior\BuildLiteBehavior [ RunTime:0.000040s ]
INFO: [ app_init ] --END-- [ RunTime:0.000661s ]
INFO: [ app_begin ] --START--
INFO: Run Behavior\ReadHtmlCacheBehavior [ RunTime:0.000624s ]
INFO: [ app_begin ] --END-- [ RunTime:0.000818s ]
NOTIC: [8] Undefined variable: mail D:\wamp\www\Daily\Application\Home\Common\function.php 第 8 行.

[ 2017-02-02T17:30:58+08:00 ] 127.0.0.1 /Home/App/sendEmailToInviter
INFO: [ app_init ] --START--
INFO: Run Behavior\BuildLiteBehavior [ RunTime:0.000038s ]
INFO: [ app_init ] --END-- [ RunTime:0.000595s ]
INFO: [ app_begin ] --START--
INFO: Run Behavior\ReadHtmlCacheBehavior [ RunTime:0.000783s ]
INFO: [ app_begin ] --END-- [ RunTime:0.000970s ]
NOTIC: [8] Undefined variable: mail D:\wamp\www\Daily\Application\Home\Common\function.php 第 10 行.

[ 2017-02-02T17:31:02+08:00 ] 127.0.0.1 /Home/App/sendEmailToInviter
INFO: [ app_init ] --START--
INFO: Run Behavior\BuildLiteBehavior [ RunTime:0.000046s ]
INFO: [ app_init ] --END-- [ RunTime:0.000605s ]
INFO: [ app_begin ] --START--
INFO: Run Behavior\ReadHtmlCacheBehavior [ RunTime:0.000600s ]
INFO: [ app_begin ] --END-- [ RunTime:0.000777s ]
NOTIC: [8] Undefined variable: mail D:\wamp\www\Daily\Application\Home\Common\function.php 第 10 行.

[ 2017-02-02T17:32:36+08:00 ] 127.0.0.1 /Home/App/sendEmailToInviter
INFO: [ app_init ] --START--
INFO: Run Behavior\BuildLiteBehavior [ RunTime:0.000039s ]
INFO: [ app_init ] --END-- [ RunTime:0.000678s ]
INFO: [ app_begin ] --START--
INFO: Run Behavior\ReadHtmlCacheBehavior [ RunTime:0.001017s ]
INFO: [ app_begin ] --END-- [ RunTime:0.001260s ]
NOTIC: [8] Undefined variable: email D:\wamp\www\Daily\Application\Home\Common\function.php 第 7 行.
NOTIC: [2] trim() expects parameter 1 to be string, array given D:\wamp\www\Daily\ThinkPHP\Library\Vendor\phpmailer\class.phpmailer.php 第 457 行.
INFO: [ app_end ] --START--
INFO: Run Behavior\ShowPageTraceBehavior [ RunTime:0.000935s ]
INFO: [ app_end ] --END-- [ RunTime:0.001131s ]

[ 2017-02-02T17:33:06+08:00 ] 127.0.0.1 /Home/App/sendEmailToInviter
INFO: [ app_init ] --START--
INFO: Run Behavior\BuildLiteBehavior [ RunTime:0.000094s ]
INFO: [ app_init ] --END-- [ RunTime:0.001356s ]
INFO: [ app_begin ] --START--
INFO: Run Behavior\ReadHtmlCacheBehavior [ RunTime:0.001537s ]
INFO: [ app_begin ] --END-- [ RunTime:0.001919s ]
NOTIC: [8] Undefined variable: email D:\wamp\www\Daily\Application\Home\Common\function.php 第 7 行.
NOTIC: [2] trim() expects parameter 1 to be string, array given D:\wamp\www\Daily\ThinkPHP\Library\Vendor\phpmailer\class.phpmailer.php 第 457 行.
INFO: [ app_end ] --START--
INFO: Run Behavior\ShowPageTraceBehavior [ RunTime:0.001615s ]
INFO: [ app_end ] --END-- [ RunTime:0.002051s ]

[ 2017-02-02T17:34:47+08:00 ] 127.0.0.1 /Home/App/sendEmailToInviter
INFO: [ app_init ] --START--
INFO: Run Behavior\BuildLiteBehavior [ RunTime:0.000069s ]
INFO: [ app_init ] --END-- [ RunTime:0.001362s ]
INFO: [ app_begin ] --START--
INFO: Run Behavior\ReadHtmlCacheBehavior [ RunTime:0.001199s ]
INFO: [ app_begin ] --END-- [ RunTime:0.001504s ]
NOTIC: [8] Undefined variable: email D:\wamp\www\Daily\Application\Home\Common\function.php 第 7 行.
NOTIC: [2] mb_strlen(): Unknown encoding &quot;&quot; D:\wamp\www\Daily\ThinkPHP\Library\Vendor\phpmailer\class.phpmailer.php 第 1585 行.
NOTIC: [2] mb_strlen(): Unknown encoding &quot;&quot; D:\wamp\www\Daily\ThinkPHP\Library\Vendor\phpmailer\class.phpmailer.php 第 1604 行.
INFO: [ app_end ] --START--
INFO: Run Behavior\ShowPageTraceBehavior [ RunTime:0.000765s ]
INFO: [ app_end ] --END-- [ RunTime:0.001069s ]

[ 2017-02-02T17:36:55+08:00 ] 127.0.0.1 /Home/App/sendEmailToInviter
INFO: [ app_init ] --START--
INFO: Run Behavior\BuildLiteBehavior [ RunTime:0.000079s ]
INFO: [ app_init ] --END-- [ RunTime:0.001263s ]
INFO: [ app_begin ] --START--
INFO: Run Behavior\ReadHtmlCacheBehavior [ RunTime:0.001551s ]
INFO: [ app_begin ] --END-- [ RunTime:0.001952s ]
NOTIC: [8] Undefined variable: email D:\wamp\www\Daily\Application\Home\Common\function.php 第 7 行.
NOTIC: [2] mb_strlen(): Unknown encoding &quot;&quot; D:\wamp\www\Daily\ThinkPHP\Library\Vendor\phpmailer\class.phpmailer.php 第 1585 行.
NOTIC: [2] mb_strlen(): Unknown encoding &quot;&quot; D:\wamp\www\Daily\ThinkPHP\Library\Vendor\phpmailer\class.phpmailer.php 第 1604 行.
INFO: [ app_end ] --START--
INFO: Run Behavior\ShowPageTraceBehavior [ RunTime:0.001981s ]
INFO: [ app_end ] --END-- [ RunTime:0.002390s ]

[ 2017-02-02T17:39:00+08:00 ] 127.0.0.1 /Home/App/sendEmailToInviter
INFO: [ app_init ] --START--
INFO: Run Behavior\BuildLiteBehavior [ RunTime:0.000078s ]
INFO: [ app_init ] --END-- [ RunTime:0.001255s ]
INFO: [ app_begin ] --START--
INFO: Run Behavior\ReadHtmlCacheBehavior [ RunTime:0.001809s ]
INFO: [ app_begin ] --END-- [ RunTime:0.002385s ]
NOTIC: [8] Undefined variable: email D:\wamp\www\Daily\Application\Home\Common\function.php 第 7 行.
NOTIC: [2] mb_strlen(): Unknown encoding &quot;&quot; D:\wamp\www\Daily\ThinkPHP\Library\Vendor\phpmailer\class.phpmailer.php 第 1585 行.
NOTIC: [2] mb_strlen(): Unknown encoding &quot;&quot; D:\wamp\www\Daily\ThinkPHP\Library\Vendor\phpmailer\class.phpmailer.php 第 1604 行.
INFO: [ app_end ] --START--
INFO: Run Behavior\ShowPageTraceBehavior [ RunTime:0.001804s ]
INFO: [ app_end ] --END-- [ RunTime:0.002206s ]

[ 2017-02-02T17:44:40+08:00 ] 127.0.0.1 /Home/App/sendEmailToInviter
INFO: [ app_init ] --START--
INFO: Run Behavior\BuildLiteBehavior [ RunTime:0.000077s ]
INFO: [ app_init ] --END-- [ RunTime:0.001216s ]
INFO: [ app_begin ] --START--
INFO: Run Behavior\ReadHtmlCacheBehavior [ RunTime:0.001488s ]
INFO: [ app_begin ] --END-- [ RunTime:0.001909s ]
NOTIC: [8] Undefined variable: email D:\wamp\www\Daily\Application\Home\Common\function.php 第 7 行.
NOTIC: [2] mb_strlen(): Unknown encoding &quot;&quot; D:\wamp\www\Daily\ThinkPHP\Library\Vendor\phpmailer\class.phpmailer.php 第 1585 行.
NOTIC: [2] mb_strlen(): Unknown encoding &quot;&quot; D:\wamp\www\Daily\ThinkPHP\Library\Vendor\phpmailer\class.phpmailer.php 第 1604 行.
INFO: [ app_end ] --START--
INFO: Run Behavior\ShowPageTraceBehavior [ RunTime:0.000966s ]
INFO: [ app_end ] --END-- [ RunTime:0.001163s ]

[ 2017-02-02T17:45:17+08:00 ] 127.0.0.1 /Home/App/sendEmailToInviter
INFO: [ app_init ] --START--
INFO: Run Behavior\BuildLiteBehavior [ RunTime:0.000076s ]
INFO: [ app_init ] --END-- [ RunTime:0.001036s ]
INFO: [ app_begin ] --START--
INFO: Run Behavior\ReadHtmlCacheBehavior [ RunTime:0.001651s ]
INFO: [ app_begin ] --END-- [ RunTime:0.002083s ]
NOTIC: [8] Undefined variable: email D:\wamp\www\Daily\Application\Home\Common\function.php 第 7 行.
NOTIC: [2] mb_strlen(): Unknown encoding &quot;&quot; D:\wamp\www\Daily\ThinkPHP\Library\Vendor\phpmailer\class.phpmailer.php 第 1585 行.
NOTIC: [2] mb_strlen(): Unknown encoding &quot;&quot; D:\wamp\www\Daily\ThinkPHP\Library\Vendor\phpmailer\class.phpmailer.php 第 1604 行.
INFO: [ app_end ] --START--
INFO: Run Behavior\ShowPageTraceBehavior [ RunTime:0.001383s ]
INFO: [ app_end ] --END-- [ RunTime:0.001857s ]

[ 2017-02-02T17:48:36+08:00 ] 127.0.0.1 /Home/App/sendEmailToInviter
INFO: [ app_init ] --START--
INFO: Run Behavior\BuildLiteBehavior [ RunTime:0.000085s ]
INFO: [ app_init ] --END-- [ RunTime:0.001298s ]
INFO: [ app_begin ] --START--
INFO: Run Behavior\ReadHtmlCacheBehavior [ RunTime:0.001794s ]
INFO: [ app_begin ] --END-- [ RunTime:0.002276s ]
NOTIC: [8] Undefined variable: email D:\wamp\www\Daily\Application\Home\Common\function.php 第 7 行.
NOTIC: [2] mb_strlen(): Unknown encoding &quot;&quot; D:\wamp\www\Daily\ThinkPHP\Library\Vendor\phpmailer\class.phpmailer.php 第 1585 行.
NOTIC: [2] mb_strlen(): Unknown encoding &quot;&quot; D:\wamp\www\Daily\ThinkPHP\Library\Vendor\phpmailer\class.phpmailer.php 第 1604 行.
NOTIC: [2] mail(): Failed to connect to mailserver at &quot;localhost&quot; port 25, verify your &quot;SMTP&quot; and &quot;smtp_port&quot; setting in php.ini or use ini_set() D:\wamp\www\Daily\ThinkPHP\Library\Vendor\phpmailer\class.phpmailer.php 第 677 行.
INFO: [ app_end ] --START--
INFO: Run Behavior\ShowPageTraceBehavior [ RunTime:0.000901s ]
INFO: [ app_end ] --END-- [ RunTime:0.001084s ]

[ 2017-02-02T17:49:53+08:00 ] 127.0.0.1 /Home/App/sendEmailToInviter
INFO: [ app_init ] --START--
INFO: Run Behavior\BuildLiteBehavior [ RunTime:0.000074s ]
INFO: [ app_init ] --END-- [ RunTime:0.001121s ]
INFO: [ app_begin ] --START--
INFO: Run Behavior\ReadHtmlCacheBehavior [ RunTime:0.001008s ]
INFO: [ app_begin ] --END-- [ RunTime:0.001375s ]
NOTIC: [8] Undefined variable: email D:\wamp\www\Daily\Application\Home\Common\function.php 第 7 行.
NOTIC: [2] mb_strlen(): Unknown encoding &quot;&quot; D:\wamp\www\Daily\ThinkPHP\Library\Vendor\phpmailer\class.phpmailer.php 第 1585 行.
NOTIC: [2] mb_strlen(): Unknown encoding &quot;&quot; D:\wamp\www\Daily\ThinkPHP\Library\Vendor\phpmailer\class.phpmailer.php 第 1604 行.
NOTIC: [2] mail(): Failed to connect to mailserver at &quot;localhost&quot; port 25, verify your &quot;SMTP&quot; and &quot;smtp_port&quot; setting in php.ini or use ini_set() D:\wamp\www\Daily\ThinkPHP\Library\Vendor\phpmailer\class.phpmailer.php 第 677 行.
INFO: [ app_end ] --START--
INFO: Run Behavior\ShowPageTraceBehavior [ RunTime:0.000753s ]
INFO: [ app_end ] --END-- [ RunTime:0.000944s ]

[ 2017-02-02T17:52:04+08:00 ] 127.0.0.1 /Home/App/sendEmailToInviter
INFO: [ app_init ] --START--
INFO: Run Behavior\BuildLiteBehavior [ RunTime:0.000039s ]
INFO: [ app_init ] --END-- [ RunTime:0.000700s ]
INFO: [ app_begin ] --START--
INFO: Run Behavior\ReadHtmlCacheBehavior [ RunTime:0.000854s ]
INFO: [ app_begin ] --END-- [ RunTime:0.001043s ]
NOTIC: [8] Undefined variable: email D:\wamp\www\Daily\Application\Home\Common\function.php 第 7 行.
INFO: [ app_end ] --START--
INFO: Run Behavior\ShowPageTraceBehavior [ RunTime:0.000841s ]
INFO: [ app_end ] --END-- [ RunTime:0.001034s ]

[ 2017-02-02T17:52:06+08:00 ] 127.0.0.1 /Home/App/sendEmailToInviter
INFO: [ app_init ] --START--
INFO: Run Behavior\BuildLiteBehavior [ RunTime:0.000038s ]
INFO: [ app_init ] --END-- [ RunTime:0.000600s ]
INFO: [ app_begin ] --START--
INFO: Run Behavior\ReadHtmlCacheBehavior [ RunTime:0.000777s ]
INFO: [ app_begin ] --END-- [ RunTime:0.001050s ]
NOTIC: [8] Undefined variable: email D:\wamp\www\Daily\Application\Home\Common\function.php 第 7 行.
INFO: [ app_end ] --START--
INFO: Run Behavior\ShowPageTraceBehavior [ RunTime:0.000665s ]
INFO: [ app_end ] --END-- [ RunTime:0.000846s ]

[ 2017-02-02T17:52:58+08:00 ] 127.0.0.1 /Home/App/sendEmailToInviter
INFO: [ app_init ] --START--
INFO: Run Behavior\BuildLiteBehavior [ RunTime:0.000040s ]
INFO: [ app_init ] --END-- [ RunTime:0.000687s ]
INFO: [ app_begin ] --START--
INFO: Run Behavior\ReadHtmlCacheBehavior [ RunTime:0.000986s ]
INFO: [ app_begin ] --END-- [ RunTime:0.001250s ]
NOTIC: [8] Undefined variable: email D:\wamp\www\Daily\Application\Home\Common\function.php 第 7 行.
NOTIC: [2] mb_strlen(): Unknown encoding &quot;&quot; D:\wamp\www\Daily\ThinkPHP\Library\Vendor\phpmailer\class.phpmailer.php 第 1585 行.
NOTIC: [2] mb_strlen(): Unknown encoding &quot;&quot; D:\wamp\www\Daily\ThinkPHP\Library\Vendor\phpmailer\class.phpmailer.php 第 1604 行.
NOTIC: [2] mail(): Failed to connect to mailserver at &quot;localhost&quot; port 25, verify your &quot;SMTP&quot; and &quot;smtp_port&quot; setting in php.ini or use ini_set() D:\wamp\www\Daily\ThinkPHP\Library\Vendor\phpmailer\class.phpmailer.php 第 677 行.
INFO: [ app_end ] --START--
INFO: Run Behavior\ShowPageTraceBehavior [ RunTime:0.001339s ]
INFO: [ app_end ] --END-- [ RunTime:0.001675s ]

[ 2017-02-02T17:53:38+08:00 ] 127.0.0.1 /Home/App/sendEmailToInviter
INFO: [ app_init ] --START--
INFO: Run Behavior\BuildLiteBehavior [ RunTime:0.000039s ]
INFO: [ app_init ] --END-- [ RunTime:0.000610s ]
INFO: [ app_begin ] --START--
INFO: Run Behavior\ReadHtmlCacheBehavior [ RunTime:0.000599s ]
INFO: [ app_begin ] --END-- [ RunTime:0.000776s ]
NOTIC: [8] Undefined variable: email D:\wamp\www\Daily\Application\Home\Common\function.php 第 7 行.
NOTIC: [2] mb_strlen(): Unknown encoding &quot;&quot; D:\wamp\www\Daily\ThinkPHP\Library\Vendor\phpmailer\class.phpmailer.php 第 1585 行.
NOTIC: [2] mb_strlen(): Unknown encoding &quot;&quot; D:\wamp\www\Daily\ThinkPHP\Library\Vendor\phpmailer\class.phpmailer.php 第 1604 行.
NOTIC: [2] mail(): Failed to connect to mailserver at &quot;localhost&quot; port 25, verify your &quot;SMTP&quot; and &quot;smtp_port&quot; setting in php.ini or use ini_set() D:\wamp\www\Daily\ThinkPHP\Library\Vendor\phpmailer\class.phpmailer.php 第 677 行.
INFO: [ app_end ] --START--
INFO: Run Behavior\ShowPageTraceBehavior [ RunTime:0.000761s ]
INFO: [ app_end ] --END-- [ RunTime:0.000943s ]

[ 2017-02-02T17:54:45+08:00 ] 127.0.0.1 /Home/App/sendEmailToInviter
INFO: [ app_init ] --START--
INFO: Run Behavior\BuildLiteBehavior [ RunTime:0.000048s ]
INFO: [ app_init ] --END-- [ RunTime:0.000865s ]
INFO: [ app_begin ] --START--
INFO: Run Behavior\ReadHtmlCacheBehavior [ RunTime:0.000862s ]
INFO: [ app_begin ] --END-- [ RunTime:0.001090s ]
NOTIC: [2] mb_strlen(): Unknown encoding &quot;&quot; D:\wamp\www\Daily\ThinkPHP\Library\Vendor\phpmailer\class.phpmailer.php 第 1585 行.
NOTIC: [2] mb_strlen(): Unknown encoding &quot;&quot; D:\wamp\www\Daily\ThinkPHP\Library\Vendor\phpmailer\class.phpmailer.php 第 1604 行.
NOTIC: [2] mail(): Failed to connect to mailserver at &quot;localhost&quot; port 25, verify your &quot;SMTP&quot; and &quot;smtp_port&quot; setting in php.ini or use ini_set() D:\wamp\www\Daily\ThinkPHP\Library\Vendor\phpmailer\class.phpmailer.php 第 677 行.
INFO: [ app_end ] --START--
INFO: Run Behavior\ShowPageTraceBehavior [ RunTime:0.001933s ]
INFO: [ app_end ] --END-- [ RunTime:0.002559s ]

[ 2017-02-02T17:54:57+08:00 ] 127.0.0.1 /Home/App/sendEmailToInviter
INFO: [ app_init ] --START--
INFO: Run Behavior\BuildLiteBehavior [ RunTime:0.000042s ]
INFO: [ app_init ] --END-- [ RunTime:0.000682s ]
INFO: [ app_begin ] --START--
INFO: Run Behavior\ReadHtmlCacheBehavior [ RunTime:0.001021s ]
INFO: [ app_begin ] --END-- [ RunTime:0.001283s ]
NOTIC: [2] mb_strlen(): Unknown encoding &quot;&quot; D:\wamp\www\Daily\ThinkPHP\Library\Vendor\phpmailer\class.phpmailer.php 第 1585 行.
NOTIC: [2] mb_strlen(): Unknown encoding &quot;&quot; D:\wamp\www\Daily\ThinkPHP\Library\Vendor\phpmailer\class.phpmailer.php 第 1604 行.
NOTIC: [2] mail(): Failed to connect to mailserver at &quot;localhost&quot; port 25, verify your &quot;SMTP&quot; and &quot;smtp_port&quot; setting in php.ini or use ini_set() D:\wamp\www\Daily\ThinkPHP\Library\Vendor\phpmailer\class.phpmailer.php 第 677 行.
INFO: [ app_end ] --START--
INFO: Run Behavior\ShowPageTraceBehavior [ RunTime:0.000799s ]
INFO: [ app_end ] --END-- [ RunTime:0.000995s ]

[ 2017-02-02T18:06:05+08:00 ] 127.0.0.1 /Home/App/sendEmailToInviter
INFO: [ app_init ] --START--
INFO: Run Behavior\BuildLiteBehavior [ RunTime:0.000054s ]
INFO: [ app_init ] --END-- [ RunTime:0.014337s ]
INFO: [ app_begin ] --START--
INFO: Run Behavior\ReadHtmlCacheBehavior [ RunTime:0.002317s ]
INFO: [ app_begin ] --END-- [ RunTime:0.002698s ]
NOTIC: [2] mb_strlen(): Unknown encoding &quot;&quot; D:\wamp\www\Daily\ThinkPHP\Library\Vendor\phpmailer\class.phpmailer.php 第 1585 行.
NOTIC: [2] mb_strlen(): Unknown encoding &quot;&quot; D:\wamp\www\Daily\ThinkPHP\Library\Vendor\phpmailer\class.phpmailer.php 第 1604 行.
INFO: [ app_end ] --START--
INFO: Run Behavior\ShowPageTraceBehavior [ RunTime:0.055610s ]
INFO: [ app_end ] --END-- [ RunTime:0.055814s ]

[ 2017-02-02T18:06:14+08:00 ] 127.0.0.1 /Home/App/sendEmailToInviter
INFO: [ app_init ] --START--
INFO: Run Behavior\BuildLiteBehavior [ RunTime:0.000039s ]
INFO: [ app_init ] --END-- [ RunTime:0.000684s ]
INFO: [ app_begin ] --START--
INFO: Run Behavior\ReadHtmlCacheBehavior [ RunTime:0.001024s ]
INFO: [ app_begin ] --END-- [ RunTime:0.001412s ]
NOTIC: [2] mb_strlen(): Unknown encoding &quot;&quot; D:\wamp\www\Daily\ThinkPHP\Library\Vendor\phpmailer\class.phpmailer.php 第 1585 行.
NOTIC: [2] mb_strlen(): Unknown encoding &quot;&quot; D:\wamp\www\Daily\ThinkPHP\Library\Vendor\phpmailer\class.phpmailer.php 第 1604 行.
INFO: [ app_end ] --START--
INFO: Run Behavior\ShowPageTraceBehavior [ RunTime:0.001728s ]
INFO: [ app_end ] --END-- [ RunTime:0.002169s ]

