[ 2017-03-13T17:44:56+08:00 ] 127.0.0.1 /Home/Login/loginAccount.html
INFO: [ app_init ] --START--
INFO: Run Behavior\BuildLiteBehavior [ RunTime:0.000081s ]
INFO: [ app_init ] --END-- [ RunTime:0.045205s ]
INFO: [ app_begin ] --START--
INFO: Run Behavior\ReadHtmlCacheBehavior [ RunTime:0.009945s ]
INFO: [ app_begin ] --END-- [ RunTime:0.010523s ]
INFO: [ view_parse ] --START--
INFO: [ template_filter ] --START--
INFO: Run Behavior\ContentReplaceBehavior [ RunTime:0.019803s ]
INFO: [ template_filter ] --END-- [ RunTime:0.020133s ]
INFO: Run Behavior\ParseTemplateBehavior [ RunTime:0.197121s ]
INFO: [ view_parse ] --END-- [ RunTime:0.197676s ]
INFO: [ view_filter ] --START--
INFO: Run Behavior\WriteHtmlCacheBehavior [ RunTime:0.009485s ]
INFO: [ view_filter ] --END-- [ RunTime:0.009670s ]
INFO: [ app_end ] --START--
INFO: Run Behavior\ShowPageTraceBehavior [ RunTime:0.016276s ]
INFO: [ app_end ] --END-- [ RunTime:0.016485s ]

[ 2017-03-13T17:45:00+08:00 ] 127.0.0.1 /index.php/Home/Login/handleLogin.html
INFO: [ app_init ] --START--
INFO: Run Behavior\BuildLiteBehavior [ RunTime:0.000060s ]
INFO: [ app_init ] --END-- [ RunTime:0.000939s ]
INFO: [ app_begin ] --START--
INFO: Run Behavior\ReadHtmlCacheBehavior [ RunTime:0.001032s ]
INFO: [ app_begin ] --END-- [ RunTime:0.001434s ]
SQL: SHOW COLUMNS FROM `think_users` [ RunTime:0.6165s ]
SQL: SHOW COLUMNS FROM `think_users` [ RunTime:0.0097s ]
SQL: SELECT * FROM `think_users` WHERE `username` = 'Lee' AND `password` = '123' LIMIT 1   [ RunTime:0.2226s ]

[ 2017-03-13T17:45:02+08:00 ] 127.0.0.1 /index.php/Home/App/app.html
INFO: [ app_init ] --START--
INFO: Run Behavior\BuildLiteBehavior [ RunTime:0.000040s ]
INFO: [ app_init ] --END-- [ RunTime:0.000617s ]
INFO: [ app_begin ] --START--
INFO: Run Behavior\ReadHtmlCacheBehavior [ RunTime:0.001013s ]
INFO: [ app_begin ] --END-- [ RunTime:0.001364s ]
SQL: SHOW COLUMNS FROM `think_users` [ RunTime:0.0050s ]
SQL: SHOW COLUMNS FROM `think_users` [ RunTime:0.0079s ]
SQL: SELECT * FROM `think_users` WHERE `username` = 'Lee' LIMIT 1   [ RunTime:0.0005s ]
NOTIC: [8] Use of undefined constant imUserInfos - assumed 'imUserInfos' D:\wamp\www\Daily\Application\Home\Controller\AppController.class.php 第 61 行.
SQL: SHOW COLUMNS FROM `think_folders` [ RunTime:0.0429s ]
SQL: SHOW COLUMNS FROM `think_Folders` [ RunTime:0.0050s ]
SQL: SELECT * FROM `think_Folders` WHERE `from_user_id` = 1  [ RunTime:0.0004s ]
SQL: SHOW COLUMNS FROM `think_calendars` [ RunTime:0.0230s ]
SQL: SHOW COLUMNS FROM `think_Calendars` [ RunTime:0.0057s ]
SQL: SELECT * FROM `think_Calendars` WHERE `from_user_id` = 1  [ RunTime:0.0005s ]
SQL: SHOW COLUMNS FROM `think_categorys` [ RunTime:0.0332s ]
SQL: SHOW COLUMNS FROM `think_Categorys` [ RunTime:0.0064s ]
SQL: SELECT * FROM `think_Categorys` WHERE `from_user_id` = 1  [ RunTime:0.0003s ]
SQL: SHOW COLUMNS FROM `think_groups` [ RunTime:0.1073s ]
SQL: SHOW COLUMNS FROM `think_Groups` [ RunTime:0.0049s ]
SQL: SELECT * FROM `think_Groups` WHERE `from_user_id` = 1  [ RunTime:0.0004s ]
INFO: [ view_parse ] --START--
INFO: [ template_filter ] --START--
INFO: Run Behavior\ContentReplaceBehavior [ RunTime:0.000236s ]
INFO: [ template_filter ] --END-- [ RunTime:0.000614s ]
INFO: Run Behavior\ParseTemplateBehavior [ RunTime:0.182736s ]
INFO: [ view_parse ] --END-- [ RunTime:0.183047s ]
INFO: [ view_filter ] --START--
INFO: Run Behavior\WriteHtmlCacheBehavior [ RunTime:0.001085s ]
INFO: [ view_filter ] --END-- [ RunTime:0.001447s ]
INFO: [ app_end ] --START--
INFO: Run Behavior\ShowPageTraceBehavior [ RunTime:0.001343s ]
INFO: [ app_end ] --END-- [ RunTime:0.001853s ]

[ 2017-03-13T17:45:09+08:00 ] 127.0.0.1 /index.php/Home/App/app.html
INFO: [ app_init ] --START--
INFO: Run Behavior\BuildLiteBehavior [ RunTime:0.000037s ]
INFO: [ app_init ] --END-- [ RunTime:0.000583s ]
INFO: [ app_begin ] --START--
INFO: Run Behavior\ReadHtmlCacheBehavior [ RunTime:0.000954s ]
INFO: [ app_begin ] --END-- [ RunTime:0.001225s ]
SQL: SHOW COLUMNS FROM `think_users` [ RunTime:0.0054s ]
SQL: SHOW COLUMNS FROM `think_users` [ RunTime:0.0071s ]
SQL: SELECT * FROM `think_users` WHERE `username` = 'Lee' LIMIT 1   [ RunTime:0.0004s ]
NOTIC: [8] Use of undefined constant imUserInfos - assumed 'imUserInfos' D:\wamp\www\Daily\Application\Home\Controller\AppController.class.php 第 61 行.
SQL: SHOW COLUMNS FROM `think_folders` [ RunTime:0.0046s ]
SQL: SHOW COLUMNS FROM `think_Folders` [ RunTime:0.0069s ]
SQL: SELECT * FROM `think_Folders` WHERE `from_user_id` = 1  [ RunTime:0.0004s ]
SQL: SHOW COLUMNS FROM `think_calendars` [ RunTime:0.0046s ]
SQL: SHOW COLUMNS FROM `think_Calendars` [ RunTime:0.0051s ]
SQL: SELECT * FROM `think_Calendars` WHERE `from_user_id` = 1  [ RunTime:0.0005s ]
SQL: SHOW COLUMNS FROM `think_categorys` [ RunTime:0.0055s ]
SQL: SHOW COLUMNS FROM `think_Categorys` [ RunTime:0.0263s ]
SQL: SELECT * FROM `think_Categorys` WHERE `from_user_id` = 1  [ RunTime:0.0003s ]
SQL: SHOW COLUMNS FROM `think_groups` [ RunTime:0.0206s ]
SQL: SHOW COLUMNS FROM `think_Groups` [ RunTime:0.0151s ]
SQL: SELECT * FROM `think_Groups` WHERE `from_user_id` = 1  [ RunTime:0.0004s ]
INFO: [ view_parse ] --START--
INFO: [ template_filter ] --START--
INFO: Run Behavior\ContentReplaceBehavior [ RunTime:0.000100s ]
INFO: [ template_filter ] --END-- [ RunTime:0.000295s ]
INFO: Run Behavior\ParseTemplateBehavior [ RunTime:0.009495s ]
INFO: [ view_parse ] --END-- [ RunTime:0.009804s ]
INFO: [ view_filter ] --START--
INFO: Run Behavior\WriteHtmlCacheBehavior [ RunTime:0.000517s ]
INFO: [ view_filter ] --END-- [ RunTime:0.000773s ]
INFO: [ app_end ] --START--
INFO: Run Behavior\ShowPageTraceBehavior [ RunTime:0.000681s ]
INFO: [ app_end ] --END-- [ RunTime:0.000863s ]

