[ 2017-03-30T22:53:09+08:00 ] 127.0.0.1 /Home/base/listenMsgLongNotification
INFO: [ app_init ] --START--
INFO: Run Behavior\BuildLiteBehavior [ RunTime:0.000038s ]
INFO: [ app_init ] --END-- [ RunTime:0.000553s ]
INFO: [ app_begin ] --START--
INFO: Run Behavior\ReadHtmlCacheBehavior [ RunTime:0.000613s ]
INFO: [ app_begin ] --END-- [ RunTime:0.000789s ]
SQL: SHOW COLUMNS FROM `think_message` [ RunTime:0.0266s ]
SQL: select *, think_message.id as msgId from think_message join think_users on think_users.id = think_message.from_user_id where think_message.to_user_id = 6 limit 1 [ RunTime:0.0003s ]

[ 2017-03-30T22:53:17+08:00 ] 127.0.0.1 /Home/base/listenMsgLongNotification
INFO: [ app_init ] --START--
INFO: Run Behavior\BuildLiteBehavior [ RunTime:0.000077s ]
INFO: [ app_init ] --END-- [ RunTime:0.001126s ]
INFO: [ app_begin ] --START--
INFO: Run Behavior\ReadHtmlCacheBehavior [ RunTime:0.001132s ]
INFO: [ app_begin ] --END-- [ RunTime:0.001376s ]
SQL: SHOW COLUMNS FROM `think_message` [ RunTime:0.0056s ]
SQL: select *, think_message.id as msgId from think_message join think_users on think_users.id = think_message.from_user_id where think_message.to_user_id = 5 limit 1 [ RunTime:0.0004s ]

[ 2017-03-30T22:53:24+08:00 ] 127.0.0.1 /Home/base/listenMsgLongNotification
INFO: [ app_init ] --START--
INFO: Run Behavior\BuildLiteBehavior [ RunTime:0.000039s ]
INFO: [ app_init ] --END-- [ RunTime:0.000585s ]
INFO: [ app_begin ] --START--
INFO: Run Behavior\ReadHtmlCacheBehavior [ RunTime:0.000539s ]
INFO: [ app_begin ] --END-- [ RunTime:0.000694s ]
SQL: SHOW COLUMNS FROM `think_message` [ RunTime:0.0268s ]
SQL: select *, think_message.id as msgId from think_message join think_users on think_users.id = think_message.from_user_id where think_message.to_user_id = 6 limit 1 [ RunTime:0.0005s ]

[ 2017-03-30T22:53:32+08:00 ] 127.0.0.1 /Home/base/listenMsgLongNotification
INFO: [ app_init ] --START--
INFO: Run Behavior\BuildLiteBehavior [ RunTime:0.000047s ]
INFO: [ app_init ] --END-- [ RunTime:0.000700s ]
INFO: [ app_begin ] --START--
INFO: Run Behavior\ReadHtmlCacheBehavior [ RunTime:0.000916s ]
INFO: [ app_begin ] --END-- [ RunTime:0.001183s ]
SQL: SHOW COLUMNS FROM `think_message` [ RunTime:0.0082s ]
SQL: select *, think_message.id as msgId from think_message join think_users on think_users.id = think_message.from_user_id where think_message.to_user_id = 5 limit 1 [ RunTime:0.0004s ]

[ 2017-03-30T22:53:39+08:00 ] 127.0.0.1 /Home/base/listenMsgLongNotification
INFO: [ app_init ] --START--
INFO: Run Behavior\BuildLiteBehavior [ RunTime:0.000072s ]
INFO: [ app_init ] --END-- [ RunTime:0.000881s ]
INFO: [ app_begin ] --START--
INFO: Run Behavior\ReadHtmlCacheBehavior [ RunTime:0.000578s ]
INFO: [ app_begin ] --END-- [ RunTime:0.000731s ]
SQL: SHOW COLUMNS FROM `think_message` [ RunTime:0.0176s ]
SQL: select *, think_message.id as msgId from think_message join think_users on think_users.id = think_message.from_user_id where think_message.to_user_id = 6 limit 1 [ RunTime:0.0005s ]

[ 2017-03-30T22:53:47+08:00 ] 127.0.0.1 /Home/base/listenMsgLongNotification
INFO: [ app_init ] --START--
INFO: Run Behavior\BuildLiteBehavior [ RunTime:0.000040s ]
INFO: [ app_init ] --END-- [ RunTime:0.000589s ]
INFO: [ app_begin ] --START--
INFO: Run Behavior\ReadHtmlCacheBehavior [ RunTime:0.000632s ]
INFO: [ app_begin ] --END-- [ RunTime:0.000798s ]
SQL: SHOW COLUMNS FROM `think_message` [ RunTime:0.0056s ]
SQL: select *, think_message.id as msgId from think_message join think_users on think_users.id = think_message.from_user_id where think_message.to_user_id = 5 limit 1 [ RunTime:0.0005s ]

[ 2017-03-30T22:53:54+08:00 ] 127.0.0.1 /Home/base/listenMsgLongNotification
INFO: [ app_init ] --START--
INFO: Run Behavior\BuildLiteBehavior [ RunTime:0.000037s ]
INFO: [ app_init ] --END-- [ RunTime:0.000569s ]
INFO: [ app_begin ] --START--
INFO: Run Behavior\ReadHtmlCacheBehavior [ RunTime:0.000573s ]
INFO: [ app_begin ] --END-- [ RunTime:0.000727s ]
SQL: SHOW COLUMNS FROM `think_message` [ RunTime:0.0093s ]
SQL: select *, think_message.id as msgId from think_message join think_users on think_users.id = think_message.from_user_id where think_message.to_user_id = 6 limit 1 [ RunTime:0.0004s ]

[ 2017-03-30T22:54:02+08:00 ] 127.0.0.1 /Home/base/listenMsgLongNotification
INFO: [ app_init ] --START--
INFO: Run Behavior\BuildLiteBehavior [ RunTime:0.000071s ]
INFO: [ app_init ] --END-- [ RunTime:0.000964s ]
INFO: [ app_begin ] --START--
INFO: Run Behavior\ReadHtmlCacheBehavior [ RunTime:0.000666s ]
INFO: [ app_begin ] --END-- [ RunTime:0.000893s ]
SQL: SHOW COLUMNS FROM `think_message` [ RunTime:0.0061s ]
SQL: select *, think_message.id as msgId from think_message join think_users on think_users.id = think_message.from_user_id where think_message.to_user_id = 5 limit 1 [ RunTime:0.0004s ]

[ 2017-03-30T22:54:10+08:00 ] 127.0.0.1 /Home/base/listenMsgLongNotification
INFO: [ app_init ] --START--
INFO: Run Behavior\BuildLiteBehavior [ RunTime:0.000083s ]
INFO: [ app_init ] --END-- [ RunTime:0.001050s ]
INFO: [ app_begin ] --START--
INFO: Run Behavior\ReadHtmlCacheBehavior [ RunTime:0.000654s ]
INFO: [ app_begin ] --END-- [ RunTime:0.000825s ]
SQL: SHOW COLUMNS FROM `think_message` [ RunTime:0.0061s ]
SQL: select *, think_message.id as msgId from think_message join think_users on think_users.id = think_message.from_user_id where think_message.to_user_id = 6 limit 1 [ RunTime:0.0004s ]

[ 2017-03-30T22:54:17+08:00 ] 127.0.0.1 /Home/base/listenMsgLongNotification
INFO: [ app_init ] --START--
INFO: Run Behavior\BuildLiteBehavior [ RunTime:0.000073s ]
INFO: [ app_init ] --END-- [ RunTime:0.000864s ]
INFO: [ app_begin ] --START--
INFO: Run Behavior\ReadHtmlCacheBehavior [ RunTime:0.000549s ]
INFO: [ app_begin ] --END-- [ RunTime:0.000699s ]
SQL: SHOW COLUMNS FROM `think_message` [ RunTime:0.0087s ]
SQL: select *, think_message.id as msgId from think_message join think_users on think_users.id = think_message.from_user_id where think_message.to_user_id = 5 limit 1 [ RunTime:0.0005s ]

[ 2017-03-30T22:54:25+08:00 ] 127.0.0.1 /Home/base/listenMsgLongNotification
INFO: [ app_init ] --START--
INFO: Run Behavior\BuildLiteBehavior [ RunTime:0.000075s ]
INFO: [ app_init ] --END-- [ RunTime:0.000929s ]
INFO: [ app_begin ] --START--
INFO: Run Behavior\ReadHtmlCacheBehavior [ RunTime:0.000983s ]
INFO: [ app_begin ] --END-- [ RunTime:0.001288s ]
SQL: SHOW COLUMNS FROM `think_message` [ RunTime:0.0786s ]
SQL: select *, think_message.id as msgId from think_message join think_users on think_users.id = think_message.from_user_id where think_message.to_user_id = 6 limit 1 [ RunTime:0.0005s ]

[ 2017-03-30T22:54:33+08:00 ] 127.0.0.1 /Home/base/listenMsgLongNotification
INFO: [ app_init ] --START--
INFO: Run Behavior\BuildLiteBehavior [ RunTime:0.000038s ]
INFO: [ app_init ] --END-- [ RunTime:0.000599s ]
INFO: [ app_begin ] --START--
INFO: Run Behavior\ReadHtmlCacheBehavior [ RunTime:0.000537s ]
INFO: [ app_begin ] --END-- [ RunTime:0.000681s ]
SQL: SHOW COLUMNS FROM `think_message` [ RunTime:0.0060s ]
SQL: select *, think_message.id as msgId from think_message join think_users on think_users.id = think_message.from_user_id where think_message.to_user_id = 5 limit 1 [ RunTime:0.0004s ]

