[ 2017-03-10T09:19:14+08:00 ] 127.0.0.1 /Home/app/app.html
INFO: [ app_init ] --START--
INFO: Run Behavior\BuildLiteBehavior [ RunTime:0.000053s ]
INFO: [ app_init ] --END-- [ RunTime:0.034517s ]
INFO: [ app_begin ] --START--
INFO: Run Behavior\ReadHtmlCacheBehavior [ RunTime:0.010347s ]
INFO: [ app_begin ] --END-- [ RunTime:0.010566s ]
SQL: SHOW COLUMNS FROM `think_users` [ RunTime:0.1867s ]
NOTIC: [8] Undefined property: ResultSet::$userinfos D:\wamp\www\Daily\Application\Home\Controller\AppController.class.php 第 17 行.
SQL: SHOW COLUMNS FROM `think_users` [ RunTime:0.0110s ]
SQL: SELECT * FROM `think_users` WHERE `username` = null LIMIT 1   [ RunTime:0.0347s ]
NOTIC: [8] Use of undefined constant imUserInfos - assumed 'imUserInfos' D:\wamp\www\Daily\Application\Home\Controller\AppController.class.php 第 51 行.
NOTIC: [8] Trying to get property of non-object D:\wamp\www\Daily\Application\Home\Controller\AppController.class.php 第 53 行.
NOTIC: [8] Trying to get property of non-object D:\wamp\www\Daily\Application\Home\Controller\AppController.class.php 第 55 行.
NOTIC: [8] Trying to get property of non-object D:\wamp\www\Daily\Application\Home\Controller\AppController.class.php 第 56 行.
INFO: [ view_parse ] --START--
INFO: [ template_filter ] --START--
INFO: Run Behavior\ContentReplaceBehavior [ RunTime:0.018272s ]
INFO: [ template_filter ] --END-- [ RunTime:0.018659s ]
INFO: Run Behavior\ParseTemplateBehavior [ RunTime:0.191075s ]
INFO: [ view_parse ] --END-- [ RunTime:0.191634s ]
INFO: [ view_filter ] --START--
INFO: Run Behavior\WriteHtmlCacheBehavior [ RunTime:0.015222s ]
INFO: [ view_filter ] --END-- [ RunTime:0.015867s ]
INFO: [ app_end ] --START--
INFO: Run Behavior\ShowPageTraceBehavior [ RunTime:0.026440s ]
INFO: [ app_end ] --END-- [ RunTime:0.026884s ]

[ 2017-03-10T09:21:43+08:00 ] 127.0.0.1 /Home/app/app.html
INFO: [ app_init ] --START--
INFO: Run Behavior\BuildLiteBehavior [ RunTime:0.000038s ]
INFO: [ app_init ] --END-- [ RunTime:0.000680s ]
INFO: [ app_begin ] --START--
INFO: Run Behavior\ReadHtmlCacheBehavior [ RunTime:0.000826s ]
INFO: [ app_begin ] --END-- [ RunTime:0.001004s ]
SQL: SHOW COLUMNS FROM `think_users` [ RunTime:0.0089s ]
NOTIC: [8] Undefined property: ResultSet::$userinfos D:\wamp\www\Daily\Application\Home\Controller\AppController.class.php 第 17 行.
SQL: SHOW COLUMNS FROM `think_users` [ RunTime:0.0045s ]
SQL: SELECT * FROM `think_users` WHERE `username` = null LIMIT 1   [ RunTime:0.0004s ]
NOTIC: [8] Use of undefined constant imUserInfos - assumed 'imUserInfos' D:\wamp\www\Daily\Application\Home\Controller\AppController.class.php 第 51 行.
NOTIC: [8] Trying to get property of non-object D:\wamp\www\Daily\Application\Home\Controller\AppController.class.php 第 53 行.
NOTIC: [8] Trying to get property of non-object D:\wamp\www\Daily\Application\Home\Controller\AppController.class.php 第 55 行.
NOTIC: [8] Trying to get property of non-object D:\wamp\www\Daily\Application\Home\Controller\AppController.class.php 第 56 行.
INFO: [ view_parse ] --START--
INFO: [ template_filter ] --START--
INFO: Run Behavior\ContentReplaceBehavior [ RunTime:0.000096s ]
INFO: [ template_filter ] --END-- [ RunTime:0.000276s ]
INFO: Run Behavior\ParseTemplateBehavior [ RunTime:0.011296s ]
INFO: [ view_parse ] --END-- [ RunTime:0.011498s ]
INFO: [ view_filter ] --START--
INFO: Run Behavior\WriteHtmlCacheBehavior [ RunTime:0.000712s ]
INFO: [ view_filter ] --END-- [ RunTime:0.000875s ]
INFO: [ app_end ] --START--
INFO: Run Behavior\ShowPageTraceBehavior [ RunTime:0.000889s ]
INFO: [ app_end ] --END-- [ RunTime:0.001092s ]

[ 2017-03-10T09:21:45+08:00 ] 127.0.0.1 /Home/app/getUserMenuInfos
INFO: [ app_init ] --START--
INFO: Run Behavior\BuildLiteBehavior [ RunTime:0.000038s ]
INFO: [ app_init ] --END-- [ RunTime:0.000636s ]
INFO: [ app_begin ] --START--
INFO: Run Behavior\ReadHtmlCacheBehavior [ RunTime:0.000586s ]
INFO: [ app_begin ] --END-- [ RunTime:0.000737s ]
SQL: SHOW COLUMNS FROM `think_folders` [ RunTime:0.0527s ]
SQL: SHOW COLUMNS FROM `think_Folders` [ RunTime:0.0103s ]
SQL: SELECT * FROM `think_Folders` WHERE `from_user_id` = null  [ RunTime:0.0216s ]
SQL: SHOW COLUMNS FROM `think_calendars` [ RunTime:0.0091s ]
SQL: SHOW COLUMNS FROM `think_Calendars` [ RunTime:0.0067s ]
SQL: SELECT * FROM `think_Calendars` WHERE `from_user_id` = null  [ RunTime:0.0005s ]
SQL: SHOW COLUMNS FROM `think_categorys` [ RunTime:0.1588s ]
SQL: SHOW COLUMNS FROM `think_Categorys` [ RunTime:0.0084s ]
SQL: SELECT * FROM `think_Categorys` WHERE `from_user_id` = null  [ RunTime:0.0008s ]
SQL: SHOW COLUMNS FROM `think_groups` [ RunTime:0.1552s ]
SQL: SHOW COLUMNS FROM `think_Groups` [ RunTime:0.0088s ]
SQL: SELECT * FROM `think_Groups` WHERE `from_user_id` = null  [ RunTime:0.0006s ]

