[ 2016-10-31T21:40:23+08:00 ] 127.0.0.1 /favicon.ico
INFO: [ app_init ] --START--
INFO: Run Behavior\BuildLiteBehavior [ RunTime:0.000036s ]
INFO: [ app_init ] --END-- [ RunTime:0.000557s ]
ERR: 无法加载模块:Favicon

[ 2016-10-31T22:15:42+08:00 ] 127.0.0.1 /javascript/login.js
INFO: [ app_init ] --START--
INFO: Run Behavior\BuildLiteBehavior [ RunTime:0.000077s ]
INFO: [ app_init ] --END-- [ RunTime:0.002309s ]
ERR: 无法加载模块:Javascript

[ 2016-10-31T22:15:42+08:00 ] 127.0.0.1 /javascript/login.js
INFO: [ app_init ] --START--
INFO: Run Behavior\BuildLiteBehavior [ RunTime:0.000072s ]
INFO: [ app_init ] --END-- [ RunTime:0.000999s ]
ERR: 无法加载模块:Javascript

[ 2016-10-31T22:16:31+08:00 ] 127.0.0.1 /javascript/login.js
INFO: [ app_init ] --START--
INFO: Run Behavior\BuildLiteBehavior [ RunTime:0.000079s ]
INFO: [ app_init ] --END-- [ RunTime:0.001750s ]
ERR: 无法加载模块:Javascript

[ 2016-10-31T22:16:38+08:00 ] 127.0.0.1 /javascript/login.js
INFO: [ app_init ] --START--
INFO: Run Behavior\BuildLiteBehavior [ RunTime:0.000080s ]
INFO: [ app_init ] --END-- [ RunTime:0.001576s ]
ERR: 无法加载模块:Javascript

[ 2016-10-31T22:16:55+08:00 ] 127.0.0.1 /javascript/login.js
INFO: [ app_init ] --START--
INFO: Run Behavior\BuildLiteBehavior [ RunTime:0.000043s ]
INFO: [ app_init ] --END-- [ RunTime:0.000951s ]
ERR: 无法加载模块:Javascript

